{"C:\\Users\\LowCost\\OneDrive - V8.TECH\\Área de Trabalho\\FRONTEND\\src\\components\\Checkbox\\index.tsx": {"path":"C:\\Users\\LowCost\\OneDrive - V8.TECH\\Área de Trabalho\\FRONTEND\\src\\components\\Checkbox\\index.tsx","statementMap":{"0":{"start":{"line":27,"column":0},"end":{"line":27,"column":24}},"1":{"start":{"line":4,"column":4},"end":{"line":24,"column":6}},"2":{"start":{"line":29,"column":4},"end":{"line":71,"column":5}},"3":{"start":{"line":30,"column":8},"end":{"line":50,"column":10}},"4":{"start":{"line":51,"column":11},"end":{"line":71,"column":5}},"5":{"start":{"line":52,"column":8},"end":{"line":70,"column":10}}},"fnMap":{"0":{"name":"CheckedIcon","decl":{"start":{"line":3,"column":9},"end":{"line":3,"column":20}},"loc":{"start":{"line":3,"column":20},"end":{"line":25,"column":1}}},"1":{"name":"Checkbox","decl":{"start":{"line":27,"column":24},"end":{"line":27,"column":32}},"loc":{"start":{"line":27,"column":70},"end":{"line":72,"column":1}}}},"branchMap":{"0":{"loc":{"start":{"line":29,"column":4},"end":{"line":71,"column":5}},"type":"if","locations":[{"start":{"line":29,"column":4},"end":{"line":71,"column":5}},{"start":{"line":51,"column":11},"end":{"line":71,"column":5}}]},"1":{"loc":{"start":{"line":51,"column":11},"end":{"line":71,"column":5}},"type":"if","locations":[{"start":{"line":51,"column":11},"end":{"line":71,"column":5}}]}},"s":{"0":1,"1":2,"2":4,"3":2,"4":2,"5":2},"f":{"0":2,"1":4},"b":{"0":[2,2],"1":[2]}}
,"C:\\Users\\LowCost\\OneDrive - V8.TECH\\Área de Trabalho\\FRONTEND\\src\\components\\Input\\index.tsx": {"path":"C:\\Users\\LowCost\\OneDrive - V8.TECH\\Área de Trabalho\\FRONTEND\\src\\components\\Input\\index.tsx","statementMap":{"0":{"start":{"line":1,"column":0},"end":{"line":1,"column":99}},"1":{"start":{"line":2,"column":0},"end":{"line":2,"column":69}},"2":{"start":{"line":3,"column":0},"end":{"line":3,"column":42}},"3":{"start":{"line":19,"column":20},"end":{"line":24,"column":2}},"4":{"start":{"line":26,"column":25},"end":{"line":30,"column":null}},"5":{"start":{"line":32,"column":48},"end":{"line":188,"column":1}},"6":{"start":{"line":46,"column":26},"end":{"line":46,"column":38}},"7":{"start":{"line":47,"column":42},"end":{"line":47,"column":57}},"8":{"start":{"line":48,"column":56},"end":{"line":48,"column":78}},"9":{"start":{"line":49,"column":44},"end":{"line":49,"column":66}},"10":{"start":{"line":50,"column":42},"end":{"line":50,"column":57}},"11":{"start":{"line":51,"column":23},"end":{"line":51,"column":51}},"12":{"start":{"line":53,"column":28},"end":{"line":59,"column":3}},"13":{"start":{"line":54,"column":18},"end":{"line":54,"column":32}},"14":{"start":{"line":55,"column":4},"end":{"line":55,"column":19}},"15":{"start":{"line":56,"column":4},"end":{"line":58,"column":5}},"16":{"start":{"line":57,"column":6},"end":{"line":57,"column":28}},"17":{"start":{"line":61,"column":25},"end":{"line":68,"column":3}},"18":{"start":{"line":62,"column":19},"end":{"line":62,"column":38}},"19":{"start":{"line":63,"column":21},"end":{"line":64,"column":null}},"20":{"start":{"line":64,"column":6},"end":{"line":64,"column":47}},"21":{"start":{"line":66,"column":4},"end":{"line":66,"column":37}},"22":{"start":{"line":67,"column":4},"end":{"line":67,"column":41}},"23":{"start":{"line":70,"column":25},"end":{"line":73,"column":3}},"24":{"start":{"line":71,"column":4},"end":{"line":71,"column":37}},"25":{"start":{"line":71,"column":30},"end":{"line":71,"column":35}},"26":{"start":{"line":72,"column":4},"end":{"line":72,"column":60}},"27":{"start":{"line":75,"column":32},"end":{"line":79,"column":3}},"28":{"start":{"line":76,"column":4},"end":{"line":78,"column":5}},"29":{"start":{"line":77,"column":6},"end":{"line":77,"column":34}},"30":{"start":{"line":81,"column":25},"end":{"line":85,"column":3}},"31":{"start":{"line":82,"column":4},"end":{"line":84,"column":5}},"32":{"start":{"line":83,"column":6},"end":{"line":83,"column":35}},"33":{"start":{"line":87,"column":26},"end":{"line":93,"column":3}},"34":{"start":{"line":88,"column":4},"end":{"line":92,"column":5}},"35":{"start":{"line":89,"column":6},"end":{"line":89,"column":49}},"36":{"start":{"line":90,"column":6},"end":{"line":90,"column":18}},"37":{"start":{"line":91,"column":6},"end":{"line":91,"column":29}},"38":{"start":{"line":95,"column":29},"end":{"line":99,"column":3}},"39":{"start":{"line":96,"column":4},"end":{"line":98,"column":5}},"40":{"start":{"line":97,"column":6},"end":{"line":97,"column":76}},"41":{"start":{"line":97,"column":56},"end":{"line":97,"column":73}},"42":{"start":{"line":101,"column":35},"end":{"line":103,"column":3}},"43":{"start":{"line":102,"column":4},"end":{"line":102,"column":35}},"44":{"start":{"line":105,"column":20},"end":{"line":109,"column":3}},"45":{"start":{"line":106,"column":4},"end":{"line":106,"column":16}},"46":{"start":{"line":107,"column":4},"end":{"line":107,"column":31}},"47":{"start":{"line":108,"column":4},"end":{"line":108,"column":27}},"48":{"start":{"line":111,"column":29},"end":{"line":115,"column":3}},"49":{"start":{"line":112,"column":4},"end":{"line":114,"column":5}},"50":{"start":{"line":113,"column":6},"end":{"line":113,"column":29}},"51":{"start":{"line":117,"column":2},"end":{"line":122,"column":9}},"52":{"start":{"line":118,"column":4},"end":{"line":118,"column":59}},"53":{"start":{"line":119,"column":4},"end":{"line":121,"column":6}},"54":{"start":{"line":120,"column":6},"end":{"line":120,"column":64}},"55":{"start":{"line":124,"column":2},"end":{"line":187,"column":4}},"56":{"start":{"line":130,"column":12},"end":{"line":130,"column":30}},"57":{"start":{"line":133,"column":31},"end":{"line":133,"column":55}},"58":{"start":{"line":146,"column":25},"end":{"line":146,"column":57}},"59":{"start":{"line":165,"column":67},"end":{"line":165,"column":87}},"60":{"start":{"line":176,"column":12},"end":{"line":177,"column":null}},"61":{"start":{"line":178,"column":29},"end":{"line":178,"column":62}},"62":{"start":{"line":190,"column":0},"end":{"line":190,"column":27}}},"fnMap":{"0":{"name":"(anonymous_0)","decl":{"start":{"line":32,"column":48},"end":{"line":32,"column":49}},"loc":{"start":{"line":45,"column":5},"end":{"line":188,"column":1}}},"1":{"name":"(anonymous_1)","decl":{"start":{"line":53,"column":28},"end":{"line":53,"column":29}},"loc":{"start":{"line":53,"column":71},"end":{"line":59,"column":3}}},"2":{"name":"(anonymous_2)","decl":{"start":{"line":61,"column":25},"end":{"line":61,"column":26}},"loc":{"start":{"line":61,"column":43},"end":{"line":68,"column":3}}},"3":{"name":"(anonymous_3)","decl":{"start":{"line":63,"column":40},"end":{"line":63,"column":41}},"loc":{"start":{"line":64,"column":6},"end":{"line":64,"column":47}}},"4":{"name":"(anonymous_4)","decl":{"start":{"line":70,"column":25},"end":{"line":70,"column":28}},"loc":{"start":{"line":70,"column":30},"end":{"line":73,"column":3}}},"5":{"name":"(anonymous_5)","decl":{"start":{"line":71,"column":20},"end":{"line":71,"column":21}},"loc":{"start":{"line":71,"column":30},"end":{"line":71,"column":35}}},"6":{"name":"(anonymous_6)","decl":{"start":{"line":75,"column":32},"end":{"line":75,"column":33}},"loc":{"start":{"line":75,"column":55},"end":{"line":79,"column":3}}},"7":{"name":"(anonymous_7)","decl":{"start":{"line":81,"column":25},"end":{"line":81,"column":26}},"loc":{"start":{"line":81,"column":64},"end":{"line":85,"column":3}}},"8":{"name":"(anonymous_8)","decl":{"start":{"line":87,"column":26},"end":{"line":87,"column":27}},"loc":{"start":{"line":87,"column":43},"end":{"line":93,"column":3}}},"9":{"name":"(anonymous_9)","decl":{"start":{"line":95,"column":29},"end":{"line":95,"column":30}},"loc":{"start":{"line":95,"column":46},"end":{"line":99,"column":3}}},"10":{"name":"(anonymous_10)","decl":{"start":{"line":97,"column":44},"end":{"line":97,"column":52}},"loc":{"start":{"line":97,"column":56},"end":{"line":97,"column":73}}},"11":{"name":"(anonymous_11)","decl":{"start":{"line":101,"column":35},"end":{"line":101,"column":38}},"loc":{"start":{"line":101,"column":40},"end":{"line":103,"column":3}}},"12":{"name":"(anonymous_12)","decl":{"start":{"line":105,"column":20},"end":{"line":105,"column":23}},"loc":{"start":{"line":105,"column":25},"end":{"line":109,"column":3}}},"13":{"name":"(anonymous_13)","decl":{"start":{"line":111,"column":29},"end":{"line":111,"column":30}},"loc":{"start":{"line":111,"column":51},"end":{"line":115,"column":3}}},"14":{"name":"(anonymous_14)","decl":{"start":{"line":117,"column":12},"end":{"line":117,"column":15}},"loc":{"start":{"line":117,"column":17},"end":{"line":122,"column":3}}},"15":{"name":"(anonymous_15)","decl":{"start":{"line":119,"column":11},"end":{"line":119,"column":14}},"loc":{"start":{"line":119,"column":16},"end":{"line":121,"column":5}}},"16":{"name":"(anonymous_16)","decl":{"start":{"line":129,"column":29},"end":{"line":129,"column":30}},"loc":{"start":{"line":130,"column":12},"end":{"line":130,"column":30}}},"17":{"name":"(anonymous_17)","decl":{"start":{"line":133,"column":25},"end":{"line":133,"column":28}},"loc":{"start":{"line":133,"column":31},"end":{"line":133,"column":55}}},"18":{"name":"(anonymous_18)","decl":{"start":{"line":146,"column":19},"end":{"line":146,"column":22}},"loc":{"start":{"line":146,"column":25},"end":{"line":146,"column":57}}},"19":{"name":"(anonymous_19)","decl":{"start":{"line":165,"column":61},"end":{"line":165,"column":64}},"loc":{"start":{"line":165,"column":67},"end":{"line":165,"column":87}}},"20":{"name":"(anonymous_20)","decl":{"start":{"line":175,"column":35},"end":{"line":175,"column":36}},"loc":{"start":{"line":176,"column":12},"end":{"line":177,"column":null}}},"21":{"name":"(anonymous_21)","decl":{"start":{"line":178,"column":23},"end":{"line":178,"column":26}},"loc":{"start":{"line":178,"column":29},"end":{"line":178,"column":62}}}},"branchMap":{"0":{"loc":{"start":{"line":34,"column":2},"end":{"line":34,"column":15}},"type":"default-arg","locations":[{"start":{"line":34,"column":9},"end":{"line":34,"column":15}}]},"1":{"loc":{"start":{"line":35,"column":2},"end":{"line":35,"column":18}},"type":"default-arg","locations":[{"start":{"line":35,"column":13},"end":{"line":35,"column":18}}]},"2":{"loc":{"start":{"line":36,"column":2},"end":{"line":36,"column":28}},"type":"default-arg","locations":[{"start":{"line":36,"column":23},"end":{"line":36,"column":28}}]},"3":{"loc":{"start":{"line":37,"column":2},"end":{"line":37,"column":22}},"type":"default-arg","locations":[{"start":{"line":37,"column":14},"end":{"line":37,"column":22}}]},"4":{"loc":{"start":{"line":38,"column":2},"end":{"line":38,"column":24}},"type":"default-arg","locations":[{"start":{"line":38,"column":14},"end":{"line":38,"column":24}}]},"5":{"loc":{"start":{"line":39,"column":2},"end":{"line":39,"column":18}},"type":"default-arg","locations":[{"start":{"line":39,"column":16},"end":{"line":39,"column":18}}]},"6":{"loc":{"start":{"line":42,"column":2},"end":{"line":42,"column":22}},"type":"default-arg","locations":[{"start":{"line":42,"column":12},"end":{"line":42,"column":22}}]},"7":{"loc":{"start":{"line":43,"column":2},"end":{"line":43,"column":22}},"type":"default-arg","locations":[{"start":{"line":43,"column":17},"end":{"line":43,"column":22}}]},"8":{"loc":{"start":{"line":56,"column":4},"end":{"line":58,"column":5}},"type":"if","locations":[{"start":{"line":56,"column":4},"end":{"line":58,"column":5}}]},"9":{"loc":{"start":{"line":72,"column":27},"end":{"line":72,"column":58}},"type":"cond-expr","locations":[{"start":{"line":72,"column":42},"end":{"line":72,"column":44}},{"start":{"line":72,"column":47},"end":{"line":72,"column":58}}]},"10":{"loc":{"start":{"line":76,"column":4},"end":{"line":78,"column":5}},"type":"if","locations":[{"start":{"line":76,"column":4},"end":{"line":78,"column":5}}]},"11":{"loc":{"start":{"line":82,"column":4},"end":{"line":84,"column":5}},"type":"if","locations":[{"start":{"line":82,"column":4},"end":{"line":84,"column":5}}]},"12":{"loc":{"start":{"line":82,"column":8},"end":{"line":82,"column":63}},"type":"binary-expr","locations":[{"start":{"line":82,"column":8},"end":{"line":82,"column":20}},{"start":{"line":82,"column":24},"end":{"line":82,"column":41}},{"start":{"line":82,"column":45},"end":{"line":82,"column":63}}]},"13":{"loc":{"start":{"line":88,"column":4},"end":{"line":92,"column":5}},"type":"if","locations":[{"start":{"line":88,"column":4},"end":{"line":92,"column":5}}]},"14":{"loc":{"start":{"line":96,"column":4},"end":{"line":98,"column":5}},"type":"if","locations":[{"start":{"line":96,"column":4},"end":{"line":98,"column":5}}]},"15":{"loc":{"start":{"line":112,"column":4},"end":{"line":114,"column":5}},"type":"if","locations":[{"start":{"line":112,"column":4},"end":{"line":114,"column":5}}]},"16":{"loc":{"start":{"line":112,"column":8},"end":{"line":112,"column":84}},"type":"binary-expr","locations":[{"start":{"line":112,"column":8},"end":{"line":112,"column":28}},{"start":{"line":112,"column":32},"end":{"line":112,"column":84}}]},"17":{"loc":{"start":{"line":127,"column":7},"end":{"line":138,"column":null}},"type":"binary-expr","locations":[{"start":{"line":127,"column":7},"end":{"line":127,"column":19}},{"start":{"line":127,"column":23},"end":{"line":127,"column":47}},{"start":{"line":128,"column":8},"end":{"line":137,"column":null}}]},"18":{"loc":{"start":{"line":143,"column":16},"end":{"line":143,"column":67}},"type":"cond-expr","locations":[{"start":{"line":143,"column":54},"end":{"line":143,"column":60}},{"start":{"line":143,"column":63},"end":{"line":143,"column":67}}]},"19":{"loc":{"start":{"line":143,"column":16},"end":{"line":143,"column":51}},"type":"binary-expr","locations":[{"start":{"line":143,"column":16},"end":{"line":143,"column":35}},{"start":{"line":143,"column":39},"end":{"line":143,"column":51}}]},"20":{"loc":{"start":{"line":146,"column":25},"end":{"line":146,"column":57}},"type":"binary-expr","locations":[{"start":{"line":146,"column":25},"end":{"line":146,"column":33}},{"start":{"line":146,"column":37},"end":{"line":146,"column":57}}]},"21":{"loc":{"start":{"line":150,"column":9},"end":{"line":157,"column":null}},"type":"binary-expr","locations":[{"start":{"line":150,"column":9},"end":{"line":150,"column":28}},{"start":{"line":151,"column":10},"end":{"line":156,"column":null}}]},"22":{"loc":{"start":{"line":152,"column":13},"end":{"line":155,"column":null}},"type":"cond-expr","locations":[{"start":{"line":153,"column":14},"end":{"line":153,"column":70}},{"start":{"line":155,"column":14},"end":{"line":155,"column":79}}]},"23":{"loc":{"start":{"line":159,"column":9},"end":{"line":170,"column":null}},"type":"cond-expr","locations":[{"start":{"line":160,"column":10},"end":{"line":160,"column":101}},{"start":{"line":162,"column":10},"end":{"line":169,"column":null}}]},"24":{"loc":{"start":{"line":159,"column":9},"end":{"line":159,"column":40}},"type":"binary-expr","locations":[{"start":{"line":159,"column":9},"end":{"line":159,"column":21}},{"start":{"line":159,"column":25},"end":{"line":159,"column":40}}]},"25":{"loc":{"start":{"line":162,"column":10},"end":{"line":169,"column":null}},"type":"binary-expr","locations":[{"start":{"line":162,"column":10},"end":{"line":162,"column":18}},{"start":{"line":163,"column":12},"end":{"line":168,"column":null}}]},"26":{"loc":{"start":{"line":165,"column":23},"end":{"line":165,"column":87}},"type":"cond-expr","locations":[{"start":{"line":165,"column":44},"end":{"line":165,"column":58}},{"start":{"line":165,"column":61},"end":{"line":165,"column":87}}]},"27":{"loc":{"start":{"line":173,"column":7},"end":{"line":184,"column":null}},"type":"binary-expr","locations":[{"start":{"line":173,"column":7},"end":{"line":173,"column":19}},{"start":{"line":173,"column":23},"end":{"line":173,"column":53}},{"start":{"line":174,"column":8},"end":{"line":183,"column":null}}]}},"s":{"0":1,"1":1,"2":1,"3":1,"4":1,"5":1,"6":23,"7":23,"8":23,"9":23,"10":23,"11":23,"12":23,"13":6,"14":6,"15":6,"16":3,"17":23,"18":4,"19":4,"20":10,"21":4,"22":4,"23":23,"24":1,"25":1,"26":1,"27":23,"28":1,"29":0,"30":23,"31":3,"32":3,"33":23,"34":3,"35":3,"36":3,"37":3,"38":23,"39":0,"40":0,"41":0,"42":23,"43":0,"44":23,"45":0,"46":0,"47":0,"48":23,"49":3,"50":1,"51":23,"52":11,"53":11,"54":11,"55":23,"56":5,"57":0,"58":1,"59":0,"60":8,"61":1,"62":1},"f":{"0":23,"1":6,"2":4,"3":10,"4":1,"5":1,"6":1,"7":3,"8":3,"9":0,"10":0,"11":0,"12":0,"13":3,"14":11,"15":11,"16":5,"17":0,"18":1,"19":0,"20":8,"21":1},"b":{"0":[22],"1":[12],"2":[21],"3":[22],"4":[22],"5":[13],"6":[22],"7":[15],"8":[3],"9":[0,1],"10":[0],"11":[3],"12":[3,3,3],"13":[3],"14":[0],"15":[1],"16":[3,3],"17":[23,8,4],"18":[0,23],"19":[23,1],"20":[1,1],"21":[23,1],"22":[0,1],"23":[3,20],"24":[23,8],"25":[20,11],"26":[2,9],"27":[23,5,5]}}
,"C:\\Users\\LowCost\\OneDrive - V8.TECH\\Área de Trabalho\\FRONTEND\\src\\components\\Stepper\\index.tsx": {"path":"C:\\Users\\LowCost\\OneDrive - V8.TECH\\Área de Trabalho\\FRONTEND\\src\\components\\Stepper\\index.tsx","statementMap":{"0":{"start":{"line":10,"column":34},"end":{"line":39,"column":null}},"1":{"start":{"line":11,"column":2},"end":{"line":38,"column":null}},"2":{"start":{"line":47,"column":40},"end":{"line":58,"column":null}},"3":{"start":{"line":48,"column":2},"end":{"line":57,"column":null}},"4":{"start":{"line":50,"column":6},"end":{"line":51,"column":null}},"5":{"start":{"line":61,"column":0},"end":{"line":61,"column":23}}},"fnMap":{"0":{"name":"(anonymous_0)","decl":{"start":{"line":10,"column":34},"end":{"line":10,"column":35}},"loc":{"start":{"line":11,"column":2},"end":{"line":38,"column":null}}},"1":{"name":"(anonymous_1)","decl":{"start":{"line":47,"column":40},"end":{"line":47,"column":41}},"loc":{"start":{"line":48,"column":2},"end":{"line":57,"column":null}}},"2":{"name":"(anonymous_2)","decl":{"start":{"line":49,"column":15},"end":{"line":49,"column":16}},"loc":{"start":{"line":50,"column":6},"end":{"line":51,"column":null}}}},"branchMap":{"0":{"loc":{"start":{"line":15,"column":10},"end":{"line":15,"column":null}},"type":"cond-expr","locations":[{"start":{"line":15,"column":24},"end":{"line":15,"column":52}},{"start":{"line":15,"column":55},"end":{"line":15,"column":null}}]},"1":{"loc":{"start":{"line":20,"column":12},"end":{"line":20,"column":null}},"type":"cond-expr","locations":[{"start":{"line":20,"column":38},"end":{"line":20,"column":53}},{"start":{"line":20,"column":56},"end":{"line":20,"column":null}}]},"2":{"loc":{"start":{"line":20,"column":12},"end":{"line":20,"column":35}},"type":"binary-expr","locations":[{"start":{"line":20,"column":12},"end":{"line":20,"column":20}},{"start":{"line":20,"column":24},"end":{"line":20,"column":35}}]},"3":{"loc":{"start":{"line":24,"column":7},"end":{"line":29,"column":null}},"type":"binary-expr","locations":[{"start":{"line":24,"column":7},"end":{"line":24,"column":18}},{"start":{"line":25,"column":8},"end":{"line":28,"column":null}}]},"4":{"loc":{"start":{"line":27,"column":12},"end":{"line":27,"column":null}},"type":"cond-expr","locations":[{"start":{"line":27,"column":26},"end":{"line":27,"column":41}},{"start":{"line":27,"column":44},"end":{"line":27,"column":null}}]},"5":{"loc":{"start":{"line":34,"column":8},"end":{"line":34,"column":null}},"type":"cond-expr","locations":[{"start":{"line":34,"column":34},"end":{"line":34,"column":83}},{"start":{"line":34,"column":86},"end":{"line":34,"column":null}}]},"6":{"loc":{"start":{"line":34,"column":8},"end":{"line":34,"column":31}},"type":"binary-expr","locations":[{"start":{"line":34,"column":8},"end":{"line":34,"column":16}},{"start":{"line":34,"column":20},"end":{"line":34,"column":31}}]}},"s":{"0":1,"1":18,"2":1,"3":6,"4":18,"5":1},"f":{"0":18,"1":6,"2":18},"b":{"0":[12,6],"1":[12,6],"2":[18,12],"3":[18,12],"4":[10,2],"5":[12,6],"6":[18,12]}}
,"C:\\Users\\LowCost\\OneDrive - V8.TECH\\Área de Trabalho\\FRONTEND\\src\\components\\select-filter\\select-filter.tsx": {"path":"C:\\Users\\LowCost\\OneDrive - V8.TECH\\Área de Trabalho\\FRONTEND\\src\\components\\select-filter\\select-filter.tsx","statementMap":{"0":{"start":{"line":1,"column":0},"end":{"line":1,"column":40}},"1":{"start":{"line":2,"column":0},"end":{"line":2,"column":48}},"2":{"start":{"line":15,"column":38},"end":{"line":48,"column":1}},"3":{"start":{"line":16,"column":44},"end":{"line":16,"column":64}},"4":{"start":{"line":18,"column":23},"end":{"line":22,"column":3}},"5":{"start":{"line":19,"column":22},"end":{"line":19,"column":30}},"6":{"start":{"line":20,"column":4},"end":{"line":20,"column":28}},"7":{"start":{"line":21,"column":4},"end":{"line":21,"column":20}},"8":{"start":{"line":24,"column":2},"end":{"line":47,"column":4}},"9":{"start":{"line":38,"column":14},"end":{"line":38,"column":38}},"10":{"start":{"line":50,"column":0},"end":{"line":50,"column":22}}},"fnMap":{"0":{"name":"(anonymous_0)","decl":{"start":{"line":15,"column":38},"end":{"line":15,"column":39}},"loc":{"start":{"line":15,"column":71},"end":{"line":48,"column":1}}},"1":{"name":"(anonymous_1)","decl":{"start":{"line":18,"column":23},"end":{"line":18,"column":24}},"loc":{"start":{"line":18,"column":67},"end":{"line":22,"column":3}}},"2":{"name":"(anonymous_2)","decl":{"start":{"line":37,"column":25},"end":{"line":37,"column":26}},"loc":{"start":{"line":38,"column":14},"end":{"line":38,"column":38}}}},"branchMap":{"0":{"loc":{"start":{"line":27,"column":9},"end":{"line":27,"column":59}},"type":"binary-expr","locations":[{"start":{"line":27,"column":9},"end":{"line":27,"column":14}},{"start":{"line":27,"column":18},"end":{"line":27,"column":59}}]}},"s":{"0":1,"1":1,"2":1,"3":5,"4":5,"5":1,"6":1,"7":1,"8":5,"9":15,"10":1},"f":{"0":5,"1":1,"2":15},"b":{"0":[5,5]}}
,"C:\\Users\\LowCost\\OneDrive - V8.TECH\\Área de Trabalho\\FRONTEND\\src\\components\\select-model-home\\select-model-home.tsx": {"path":"C:\\Users\\LowCost\\OneDrive - V8.TECH\\Área de Trabalho\\FRONTEND\\src\\components\\select-model-home\\select-model-home.tsx","statementMap":{"0":{"start":{"line":1,"column":0},"end":{"line":1,"column":40}},"1":{"start":{"line":2,"column":0},"end":{"line":2,"column":48}},"2":{"start":{"line":17,"column":38},"end":{"line":51,"column":1}},"3":{"start":{"line":18,"column":44},"end":{"line":18,"column":64}},"4":{"start":{"line":20,"column":23},"end":{"line":24,"column":3}},"5":{"start":{"line":21,"column":22},"end":{"line":21,"column":30}},"6":{"start":{"line":22,"column":4},"end":{"line":22,"column":28}},"7":{"start":{"line":23,"column":4},"end":{"line":23,"column":20}},"8":{"start":{"line":26,"column":2},"end":{"line":50,"column":4}},"9":{"start":{"line":39,"column":12},"end":{"line":39,"column":36}},"10":{"start":{"line":53,"column":0},"end":{"line":53,"column":22}}},"fnMap":{"0":{"name":"(anonymous_0)","decl":{"start":{"line":17,"column":38},"end":{"line":17,"column":39}},"loc":{"start":{"line":17,"column":104},"end":{"line":51,"column":1}}},"1":{"name":"(anonymous_1)","decl":{"start":{"line":20,"column":23},"end":{"line":20,"column":24}},"loc":{"start":{"line":20,"column":67},"end":{"line":24,"column":3}}},"2":{"name":"(anonymous_2)","decl":{"start":{"line":38,"column":23},"end":{"line":38,"column":24}},"loc":{"start":{"line":39,"column":12},"end":{"line":39,"column":36}}}},"branchMap":{"0":{"loc":{"start":{"line":29,"column":9},"end":{"line":29,"column":107}},"type":"binary-expr","locations":[{"start":{"line":29,"column":9},"end":{"line":29,"column":14}},{"start":{"line":29,"column":18},"end":{"line":29,"column":107}}]}},"s":{"0":1,"1":1,"2":1,"3":6,"4":6,"5":1,"6":1,"7":1,"8":6,"9":18,"10":1},"f":{"0":6,"1":1,"2":18},"b":{"0":[6,6]}}
,"C:\\Users\\LowCost\\OneDrive - V8.TECH\\Área de Trabalho\\FRONTEND\\src\\contexts\\StepContext.tsx": {"path":"C:\\Users\\LowCost\\OneDrive - V8.TECH\\Área de Trabalho\\FRONTEND\\src\\contexts\\StepContext.tsx","statementMap":{"0":{"start":{"line":1,"column":0},"end":{"line":1,"column":78}},"1":{"start":{"line":10,"column":20},"end":{"line":10,"column":73}},"2":{"start":{"line":12,"column":63},"end":{"line":39,"column":1}},"3":{"start":{"line":13,"column":40},"end":{"line":13,"column":51}},"4":{"start":{"line":14,"column":16},"end":{"line":20,"column":4}},"5":{"start":{"line":22,"column":19},"end":{"line":26,"column":3}},"6":{"start":{"line":23,"column":4},"end":{"line":25,"column":5}},"7":{"start":{"line":24,"column":6},"end":{"line":24,"column":38}},"8":{"start":{"line":28,"column":19},"end":{"line":32,"column":3}},"9":{"start":{"line":29,"column":4},"end":{"line":31,"column":5}},"10":{"start":{"line":30,"column":6},"end":{"line":30,"column":38}},"11":{"start":{"line":34,"column":2},"end":{"line":38,"column":4}},"12":{"start":{"line":12,"column":13},"end":{"line":12,"column":63}},"13":{"start":{"line":41,"column":23},"end":{"line":47,"column":1}},"14":{"start":{"line":42,"column":18},"end":{"line":42,"column":41}},"15":{"start":{"line":43,"column":2},"end":{"line":45,"column":3}},"16":{"start":{"line":44,"column":4},"end":{"line":44,"column":66}},"17":{"start":{"line":46,"column":2},"end":{"line":46,"column":17}},"18":{"start":{"line":41,"column":13},"end":{"line":41,"column":23}}},"fnMap":{"0":{"name":"(anonymous_0)","decl":{"start":{"line":12,"column":63},"end":{"line":12,"column":64}},"loc":{"start":{"line":12,"column":80},"end":{"line":39,"column":1}}},"1":{"name":"(anonymous_1)","decl":{"start":{"line":22,"column":19},"end":{"line":22,"column":22}},"loc":{"start":{"line":22,"column":24},"end":{"line":26,"column":3}}},"2":{"name":"(anonymous_2)","decl":{"start":{"line":28,"column":19},"end":{"line":28,"column":22}},"loc":{"start":{"line":28,"column":24},"end":{"line":32,"column":3}}},"3":{"name":"(anonymous_3)","decl":{"start":{"line":41,"column":23},"end":{"line":41,"column":26}},"loc":{"start":{"line":41,"column":28},"end":{"line":47,"column":1}}}},"branchMap":{"0":{"loc":{"start":{"line":23,"column":4},"end":{"line":25,"column":5}},"type":"if","locations":[{"start":{"line":23,"column":4},"end":{"line":25,"column":5}}]},"1":{"loc":{"start":{"line":29,"column":4},"end":{"line":31,"column":5}},"type":"if","locations":[{"start":{"line":29,"column":4},"end":{"line":31,"column":5}}]},"2":{"loc":{"start":{"line":43,"column":2},"end":{"line":45,"column":3}},"type":"if","locations":[{"start":{"line":43,"column":2},"end":{"line":45,"column":3}}]}},"s":{"0":1,"1":1,"2":1,"3":10,"4":10,"5":10,"6":13,"7":13,"8":10,"9":2,"10":1,"11":10,"12":1,"13":1,"14":15,"15":14,"16":4,"17":10,"18":1},"f":{"0":10,"1":13,"2":2,"3":15},"b":{"0":[13],"1":[1],"2":[4]}}
}
