{"C:\\Users\\joaok\\OneDrive\\Área de Trabalho\\V8\\teste\\FRONTEND\\src\\components\\Button\\index.tsx": {"path":"C:\\Users\\joaok\\OneDrive\\Área de Trabalho\\V8\\teste\\FRONTEND\\src\\components\\Button\\index.tsx","statementMap":{"0":{"start":{"line":15,"column":0},"end":{"line":15,"column":24}},"1":{"start":{"line":9,"column":14},"end":{"line":13,"column":null}},"2":{"start":{"line":16,"column":4},"end":{"line":20,"column":null}}},"fnMap":{"0":{"name":"Button","decl":{"start":{"line":15,"column":24},"end":{"line":15,"column":30}},"loc":{"start":{"line":15,"column":98},"end":{"line":21,"column":1}}}},"branchMap":{"0":{"loc":{"start":{"line":15,"column":33},"end":{"line":15,"column":52}},"type":"default-arg","locations":[{"start":{"line":15,"column":43},"end":{"line":15,"column":52}}]},"1":{"loc":{"start":{"line":17,"column":69},"end":{"line":17,"column":95}},"type":"cond-expr","locations":[{"start":{"line":17,"column":81},"end":{"line":17,"column":90}},{"start":{"line":17,"column":93},"end":{"line":17,"column":95}}]}},"s":{"0":2,"1":2,"2":15},"f":{"0":15},"b":{"0":[0],"1":[15,0]}}
,"C:\\Users\\joaok\\OneDrive\\Área de Trabalho\\V8\\teste\\FRONTEND\\src\\components\\Checkbox\\index.tsx": {"path":"C:\\Users\\joaok\\OneDrive\\Área de Trabalho\\V8\\teste\\FRONTEND\\src\\components\\Checkbox\\index.tsx","statementMap":{"0":{"start":{"line":27,"column":0},"end":{"line":27,"column":24}},"1":{"start":{"line":4,"column":4},"end":{"line":24,"column":6}},"2":{"start":{"line":29,"column":4},"end":{"line":71,"column":5}},"3":{"start":{"line":30,"column":8},"end":{"line":50,"column":10}},"4":{"start":{"line":51,"column":11},"end":{"line":71,"column":5}},"5":{"start":{"line":52,"column":8},"end":{"line":70,"column":10}}},"fnMap":{"0":{"name":"CheckedIcon","decl":{"start":{"line":3,"column":9},"end":{"line":3,"column":20}},"loc":{"start":{"line":3,"column":20},"end":{"line":25,"column":1}}},"1":{"name":"Checkbox","decl":{"start":{"line":27,"column":24},"end":{"line":27,"column":32}},"loc":{"start":{"line":27,"column":70},"end":{"line":72,"column":1}}}},"branchMap":{"0":{"loc":{"start":{"line":29,"column":4},"end":{"line":71,"column":5}},"type":"if","locations":[{"start":{"line":29,"column":4},"end":{"line":71,"column":5}},{"start":{"line":51,"column":11},"end":{"line":71,"column":5}}]},"1":{"loc":{"start":{"line":51,"column":11},"end":{"line":71,"column":5}},"type":"if","locations":[{"start":{"line":51,"column":11},"end":{"line":71,"column":5}}]}},"s":{"0":1,"1":2,"2":4,"3":2,"4":2,"5":2},"f":{"0":2,"1":4},"b":{"0":[2,2],"1":[2]}}
,"C:\\Users\\joaok\\OneDrive\\Área de Trabalho\\V8\\teste\\FRONTEND\\src\\components\\Input\\index.tsx": {"path":"C:\\Users\\joaok\\OneDrive\\Área de Trabalho\\V8\\teste\\FRONTEND\\src\\components\\Input\\index.tsx","statementMap":{"0":{"start":{"line":1,"column":0},"end":{"line":1,"column":91}},"1":{"start":{"line":2,"column":0},"end":{"line":2,"column":69}},"2":{"start":{"line":3,"column":0},"end":{"line":3,"column":42}},"3":{"start":{"line":20,"column":25},"end":{"line":24,"column":2}},"4":{"start":{"line":26,"column":48},"end":{"line":214,"column":1}},"5":{"start":{"line":41,"column":26},"end":{"line":41,"column":38}},"6":{"start":{"line":42,"column":42},"end":{"line":42,"column":57}},"7":{"start":{"line":43,"column":56},"end":{"line":43,"column":78}},"8":{"start":{"line":44,"column":44},"end":{"line":44,"column":66}},"9":{"start":{"line":45,"column":42},"end":{"line":45,"column":57}},"10":{"start":{"line":46,"column":23},"end":{"line":46,"column":51}},"11":{"start":{"line":48,"column":28},"end":{"line":54,"column":3}},"12":{"start":{"line":49,"column":18},"end":{"line":49,"column":32}},"13":{"start":{"line":50,"column":4},"end":{"line":50,"column":19}},"14":{"start":{"line":51,"column":4},"end":{"line":53,"column":5}},"15":{"start":{"line":52,"column":6},"end":{"line":52,"column":28}},"16":{"start":{"line":56,"column":25},"end":{"line":63,"column":3}},"17":{"start":{"line":57,"column":19},"end":{"line":57,"column":38}},"18":{"start":{"line":58,"column":21},"end":{"line":59,"column":null}},"19":{"start":{"line":59,"column":6},"end":{"line":59,"column":47}},"20":{"start":{"line":61,"column":4},"end":{"line":61,"column":37}},"21":{"start":{"line":62,"column":4},"end":{"line":62,"column":41}},"22":{"start":{"line":65,"column":25},"end":{"line":68,"column":3}},"23":{"start":{"line":66,"column":4},"end":{"line":66,"column":37}},"24":{"start":{"line":66,"column":30},"end":{"line":66,"column":35}},"25":{"start":{"line":67,"column":4},"end":{"line":67,"column":60}},"26":{"start":{"line":70,"column":32},"end":{"line":74,"column":3}},"27":{"start":{"line":71,"column":4},"end":{"line":73,"column":5}},"28":{"start":{"line":72,"column":6},"end":{"line":72,"column":34}},"29":{"start":{"line":78,"column":26},"end":{"line":84,"column":3}},"30":{"start":{"line":79,"column":4},"end":{"line":83,"column":5}},"31":{"start":{"line":80,"column":6},"end":{"line":80,"column":49}},"32":{"start":{"line":81,"column":6},"end":{"line":81,"column":18}},"33":{"start":{"line":82,"column":6},"end":{"line":82,"column":29}},"34":{"start":{"line":86,"column":29},"end":{"line":90,"column":3}},"35":{"start":{"line":87,"column":4},"end":{"line":89,"column":5}},"36":{"start":{"line":88,"column":6},"end":{"line":88,"column":78}},"37":{"start":{"line":88,"column":58},"end":{"line":88,"column":75}},"38":{"start":{"line":92,"column":35},"end":{"line":94,"column":3}},"39":{"start":{"line":93,"column":4},"end":{"line":93,"column":35}},"40":{"start":{"line":96,"column":20},"end":{"line":100,"column":3}},"41":{"start":{"line":97,"column":4},"end":{"line":97,"column":16}},"42":{"start":{"line":98,"column":4},"end":{"line":98,"column":31}},"43":{"start":{"line":99,"column":4},"end":{"line":99,"column":27}},"44":{"start":{"line":102,"column":29},"end":{"line":109,"column":3}},"45":{"start":{"line":103,"column":4},"end":{"line":108,"column":5}},"46":{"start":{"line":107,"column":6},"end":{"line":107,"column":29}},"47":{"start":{"line":111,"column":2},"end":{"line":116,"column":9}},"48":{"start":{"line":112,"column":4},"end":{"line":112,"column":59}},"49":{"start":{"line":113,"column":4},"end":{"line":115,"column":6}},"50":{"start":{"line":114,"column":6},"end":{"line":114,"column":64}},"51":{"start":{"line":118,"column":22},"end":{"line":118,"column":69}},"52":{"start":{"line":120,"column":2},"end":{"line":213,"column":4}},"53":{"start":{"line":131,"column":12},"end":{"line":132,"column":null}},"54":{"start":{"line":137,"column":31},"end":{"line":137,"column":55}},"55":{"start":{"line":175,"column":67},"end":{"line":175,"column":87}},"56":{"start":{"line":191,"column":61},"end":{"line":191,"column":81}},"57":{"start":{"line":202,"column":12},"end":{"line":203,"column":null}},"58":{"start":{"line":204,"column":29},"end":{"line":204,"column":62}},"59":{"start":{"line":216,"column":0},"end":{"line":216,"column":27}}},"fnMap":{"0":{"name":"(anonymous_0)","decl":{"start":{"line":26,"column":48},"end":{"line":26,"column":49}},"loc":{"start":{"line":40,"column":5},"end":{"line":214,"column":1}}},"1":{"name":"(anonymous_1)","decl":{"start":{"line":48,"column":28},"end":{"line":48,"column":29}},"loc":{"start":{"line":48,"column":71},"end":{"line":54,"column":3}}},"2":{"name":"(anonymous_2)","decl":{"start":{"line":56,"column":25},"end":{"line":56,"column":26}},"loc":{"start":{"line":56,"column":43},"end":{"line":63,"column":3}}},"3":{"name":"(anonymous_3)","decl":{"start":{"line":58,"column":40},"end":{"line":58,"column":41}},"loc":{"start":{"line":59,"column":6},"end":{"line":59,"column":47}}},"4":{"name":"(anonymous_4)","decl":{"start":{"line":65,"column":25},"end":{"line":65,"column":28}},"loc":{"start":{"line":65,"column":30},"end":{"line":68,"column":3}}},"5":{"name":"(anonymous_5)","decl":{"start":{"line":66,"column":20},"end":{"line":66,"column":21}},"loc":{"start":{"line":66,"column":30},"end":{"line":66,"column":35}}},"6":{"name":"(anonymous_6)","decl":{"start":{"line":70,"column":32},"end":{"line":70,"column":33}},"loc":{"start":{"line":70,"column":55},"end":{"line":74,"column":3}}},"7":{"name":"(anonymous_7)","decl":{"start":{"line":78,"column":26},"end":{"line":78,"column":27}},"loc":{"start":{"line":78,"column":43},"end":{"line":84,"column":3}}},"8":{"name":"(anonymous_8)","decl":{"start":{"line":86,"column":29},"end":{"line":86,"column":30}},"loc":{"start":{"line":86,"column":46},"end":{"line":90,"column":3}}},"9":{"name":"(anonymous_9)","decl":{"start":{"line":88,"column":44},"end":{"line":88,"column":45}},"loc":{"start":{"line":88,"column":58},"end":{"line":88,"column":75}}},"10":{"name":"(anonymous_10)","decl":{"start":{"line":92,"column":35},"end":{"line":92,"column":38}},"loc":{"start":{"line":92,"column":40},"end":{"line":94,"column":3}}},"11":{"name":"(anonymous_11)","decl":{"start":{"line":96,"column":20},"end":{"line":96,"column":23}},"loc":{"start":{"line":96,"column":25},"end":{"line":100,"column":3}}},"12":{"name":"(anonymous_12)","decl":{"start":{"line":102,"column":29},"end":{"line":102,"column":30}},"loc":{"start":{"line":102,"column":51},"end":{"line":109,"column":3}}},"13":{"name":"(anonymous_13)","decl":{"start":{"line":111,"column":12},"end":{"line":111,"column":15}},"loc":{"start":{"line":111,"column":17},"end":{"line":116,"column":3}}},"14":{"name":"(anonymous_14)","decl":{"start":{"line":113,"column":11},"end":{"line":113,"column":14}},"loc":{"start":{"line":113,"column":16},"end":{"line":115,"column":5}}},"15":{"name":"(anonymous_15)","decl":{"start":{"line":130,"column":29},"end":{"line":130,"column":30}},"loc":{"start":{"line":131,"column":12},"end":{"line":132,"column":null}}},"16":{"name":"(anonymous_16)","decl":{"start":{"line":137,"column":25},"end":{"line":137,"column":28}},"loc":{"start":{"line":137,"column":31},"end":{"line":137,"column":55}}},"17":{"name":"(anonymous_17)","decl":{"start":{"line":175,"column":61},"end":{"line":175,"column":64}},"loc":{"start":{"line":175,"column":67},"end":{"line":175,"column":87}}},"18":{"name":"(anonymous_18)","decl":{"start":{"line":191,"column":55},"end":{"line":191,"column":58}},"loc":{"start":{"line":191,"column":61},"end":{"line":191,"column":81}}},"19":{"name":"(anonymous_19)","decl":{"start":{"line":201,"column":35},"end":{"line":201,"column":36}},"loc":{"start":{"line":202,"column":12},"end":{"line":203,"column":null}}},"20":{"name":"(anonymous_20)","decl":{"start":{"line":204,"column":23},"end":{"line":204,"column":26}},"loc":{"start":{"line":204,"column":29},"end":{"line":204,"column":62}}}},"branchMap":{"0":{"loc":{"start":{"line":28,"column":2},"end":{"line":28,"column":15}},"type":"default-arg","locations":[{"start":{"line":28,"column":9},"end":{"line":28,"column":15}}]},"1":{"loc":{"start":{"line":29,"column":2},"end":{"line":29,"column":18}},"type":"default-arg","locations":[{"start":{"line":29,"column":13},"end":{"line":29,"column":18}}]},"2":{"loc":{"start":{"line":30,"column":2},"end":{"line":30,"column":28}},"type":"default-arg","locations":[{"start":{"line":30,"column":23},"end":{"line":30,"column":28}}]},"3":{"loc":{"start":{"line":31,"column":2},"end":{"line":31,"column":22}},"type":"default-arg","locations":[{"start":{"line":31,"column":14},"end":{"line":31,"column":22}}]},"4":{"loc":{"start":{"line":32,"column":2},"end":{"line":32,"column":24}},"type":"default-arg","locations":[{"start":{"line":32,"column":14},"end":{"line":32,"column":24}}]},"5":{"loc":{"start":{"line":33,"column":2},"end":{"line":33,"column":18}},"type":"default-arg","locations":[{"start":{"line":33,"column":16},"end":{"line":33,"column":18}}]},"6":{"loc":{"start":{"line":36,"column":2},"end":{"line":36,"column":22}},"type":"default-arg","locations":[{"start":{"line":36,"column":12},"end":{"line":36,"column":22}}]},"7":{"loc":{"start":{"line":37,"column":2},"end":{"line":37,"column":22}},"type":"default-arg","locations":[{"start":{"line":37,"column":17},"end":{"line":37,"column":22}}]},"8":{"loc":{"start":{"line":38,"column":2},"end":{"line":38,"column":18}},"type":"default-arg","locations":[{"start":{"line":38,"column":13},"end":{"line":38,"column":18}}]},"9":{"loc":{"start":{"line":51,"column":4},"end":{"line":53,"column":5}},"type":"if","locations":[{"start":{"line":51,"column":4},"end":{"line":53,"column":5}}]},"10":{"loc":{"start":{"line":67,"column":27},"end":{"line":67,"column":58}},"type":"cond-expr","locations":[{"start":{"line":67,"column":42},"end":{"line":67,"column":44}},{"start":{"line":67,"column":47},"end":{"line":67,"column":58}}]},"11":{"loc":{"start":{"line":71,"column":4},"end":{"line":73,"column":5}},"type":"if","locations":[{"start":{"line":71,"column":4},"end":{"line":73,"column":5}}]},"12":{"loc":{"start":{"line":79,"column":4},"end":{"line":83,"column":5}},"type":"if","locations":[{"start":{"line":79,"column":4},"end":{"line":83,"column":5}}]},"13":{"loc":{"start":{"line":87,"column":4},"end":{"line":89,"column":5}},"type":"if","locations":[{"start":{"line":87,"column":4},"end":{"line":89,"column":5}}]},"14":{"loc":{"start":{"line":103,"column":4},"end":{"line":108,"column":5}},"type":"if","locations":[{"start":{"line":103,"column":4},"end":{"line":108,"column":5}}]},"15":{"loc":{"start":{"line":104,"column":6},"end":{"line":105,"column":58}},"type":"binary-expr","locations":[{"start":{"line":104,"column":6},"end":{"line":104,"column":26}},{"start":{"line":105,"column":6},"end":{"line":105,"column":58}}]},"16":{"loc":{"start":{"line":118,"column":22},"end":{"line":118,"column":69}},"type":"cond-expr","locations":[{"start":{"line":118,"column":33},"end":{"line":118,"column":49}},{"start":{"line":118,"column":52},"end":{"line":118,"column":69}}]},"17":{"loc":{"start":{"line":128,"column":7},"end":{"line":142,"column":null}},"type":"binary-expr","locations":[{"start":{"line":128,"column":7},"end":{"line":128,"column":19}},{"start":{"line":128,"column":23},"end":{"line":128,"column":47}},{"start":{"line":129,"column":8},"end":{"line":141,"column":null}}]},"18":{"loc":{"start":{"line":147,"column":16},"end":{"line":147,"column":74}},"type":"cond-expr","locations":[{"start":{"line":147,"column":55},"end":{"line":147,"column":65}},{"start":{"line":147,"column":68},"end":{"line":147,"column":74}}]},"19":{"loc":{"start":{"line":147,"column":16},"end":{"line":147,"column":52}},"type":"binary-expr","locations":[{"start":{"line":147,"column":16},"end":{"line":147,"column":35}},{"start":{"line":147,"column":39},"end":{"line":147,"column":52}}]},"20":{"loc":{"start":{"line":153,"column":9},"end":{"line":164,"column":null}},"type":"binary-expr","locations":[{"start":{"line":153,"column":9},"end":{"line":153,"column":28}},{"start":{"line":154,"column":10},"end":{"line":163,"column":null}}]},"21":{"loc":{"start":{"line":159,"column":13},"end":{"line":162,"column":null}},"type":"cond-expr","locations":[{"start":{"line":160,"column":14},"end":{"line":160,"column":79}},{"start":{"line":162,"column":14},"end":{"line":162,"column":70}}]},"22":{"loc":{"start":{"line":166,"column":9},"end":{"line":180,"column":null}},"type":"cond-expr","locations":[{"start":{"line":167,"column":10},"end":{"line":169,"column":null}},{"start":{"line":172,"column":10},"end":{"line":179,"column":null}}]},"23":{"loc":{"start":{"line":166,"column":9},"end":{"line":166,"column":40}},"type":"binary-expr","locations":[{"start":{"line":166,"column":9},"end":{"line":166,"column":21}},{"start":{"line":166,"column":25},"end":{"line":166,"column":40}}]},"24":{"loc":{"start":{"line":172,"column":10},"end":{"line":179,"column":null}},"type":"binary-expr","locations":[{"start":{"line":172,"column":10},"end":{"line":172,"column":18}},{"start":{"line":173,"column":12},"end":{"line":178,"column":null}}]},"25":{"loc":{"start":{"line":175,"column":23},"end":{"line":175,"column":87}},"type":"cond-expr","locations":[{"start":{"line":175,"column":44},"end":{"line":175,"column":58}},{"start":{"line":175,"column":61},"end":{"line":175,"column":87}}]},"26":{"loc":{"start":{"line":182,"column":3},"end":{"line":196,"column":null}},"type":"cond-expr","locations":[{"start":{"line":183,"column":4},"end":{"line":185,"column":null}},{"start":{"line":188,"column":4},"end":{"line":195,"column":null}}]},"27":{"loc":{"start":{"line":182,"column":3},"end":{"line":182,"column":34}},"type":"binary-expr","locations":[{"start":{"line":182,"column":3},"end":{"line":182,"column":15}},{"start":{"line":182,"column":19},"end":{"line":182,"column":34}}]},"28":{"loc":{"start":{"line":188,"column":4},"end":{"line":195,"column":null}},"type":"binary-expr","locations":[{"start":{"line":188,"column":4},"end":{"line":188,"column":12}},{"start":{"line":189,"column":6},"end":{"line":194,"column":null}}]},"29":{"loc":{"start":{"line":191,"column":17},"end":{"line":191,"column":81}},"type":"cond-expr","locations":[{"start":{"line":191,"column":38},"end":{"line":191,"column":52}},{"start":{"line":191,"column":55},"end":{"line":191,"column":81}}]},"30":{"loc":{"start":{"line":199,"column":7},"end":{"line":210,"column":null}},"type":"binary-expr","locations":[{"start":{"line":199,"column":7},"end":{"line":199,"column":19}},{"start":{"line":199,"column":23},"end":{"line":199,"column":53}},{"start":{"line":200,"column":8},"end":{"line":209,"column":null}}]}},"s":{"0":3,"1":3,"2":3,"3":3,"4":3,"5":65,"6":65,"7":65,"8":65,"9":65,"10":65,"11":65,"12":5,"13":5,"14":5,"15":3,"16":65,"17":3,"18":3,"19":8,"20":3,"21":3,"22":65,"23":0,"24":0,"25":0,"26":65,"27":1,"28":0,"29":65,"30":0,"31":0,"32":0,"33":0,"34":65,"35":0,"36":0,"37":0,"38":65,"39":0,"40":65,"41":0,"42":0,"43":0,"44":65,"45":6,"46":5,"47":65,"48":31,"49":31,"50":31,"51":65,"52":65,"53":0,"54":0,"55":0,"56":0,"57":4,"58":1,"59":3},"f":{"0":65,"1":5,"2":3,"3":8,"4":0,"5":0,"6":1,"7":0,"8":0,"9":0,"10":0,"11":0,"12":6,"13":31,"14":31,"15":0,"16":0,"17":0,"18":0,"19":4,"20":1},"b":{"0":[16],"1":[56],"2":[64],"3":[64],"4":[64],"5":[57],"6":[64],"7":[61],"8":[17],"9":[3],"10":[0,0],"11":[0],"12":[0],"13":[0],"14":[5],"15":[6,6],"16":[6,59],"17":[65,4,0],"18":[25,40],"19":[65,25],"20":[65,25],"21":[0,25],"22":[2,63],"23":[65,4],"24":[63,9],"25":[1,8],"26":[2,63],"27":[65,4],"28":[63,9],"29":[1,8],"30":[65,3,3]}}
,"C:\\Users\\joaok\\OneDrive\\Área de Trabalho\\V8\\teste\\FRONTEND\\src\\components\\Stepper\\index.tsx": {"path":"C:\\Users\\joaok\\OneDrive\\Área de Trabalho\\V8\\teste\\FRONTEND\\src\\components\\Stepper\\index.tsx","statementMap":{"0":{"start":{"line":10,"column":34},"end":{"line":39,"column":null}},"1":{"start":{"line":11,"column":2},"end":{"line":38,"column":null}},"2":{"start":{"line":47,"column":40},"end":{"line":58,"column":null}},"3":{"start":{"line":48,"column":2},"end":{"line":57,"column":null}},"4":{"start":{"line":50,"column":6},"end":{"line":51,"column":null}},"5":{"start":{"line":61,"column":0},"end":{"line":61,"column":23}}},"fnMap":{"0":{"name":"(anonymous_0)","decl":{"start":{"line":10,"column":34},"end":{"line":10,"column":35}},"loc":{"start":{"line":11,"column":2},"end":{"line":38,"column":null}}},"1":{"name":"(anonymous_1)","decl":{"start":{"line":47,"column":40},"end":{"line":47,"column":41}},"loc":{"start":{"line":48,"column":2},"end":{"line":57,"column":null}}},"2":{"name":"(anonymous_2)","decl":{"start":{"line":49,"column":15},"end":{"line":49,"column":16}},"loc":{"start":{"line":50,"column":6},"end":{"line":51,"column":null}}}},"branchMap":{"0":{"loc":{"start":{"line":15,"column":10},"end":{"line":15,"column":null}},"type":"cond-expr","locations":[{"start":{"line":15,"column":24},"end":{"line":15,"column":52}},{"start":{"line":15,"column":55},"end":{"line":15,"column":null}}]},"1":{"loc":{"start":{"line":20,"column":12},"end":{"line":20,"column":null}},"type":"cond-expr","locations":[{"start":{"line":20,"column":38},"end":{"line":20,"column":53}},{"start":{"line":20,"column":56},"end":{"line":20,"column":null}}]},"2":{"loc":{"start":{"line":20,"column":12},"end":{"line":20,"column":35}},"type":"binary-expr","locations":[{"start":{"line":20,"column":12},"end":{"line":20,"column":20}},{"start":{"line":20,"column":24},"end":{"line":20,"column":35}}]},"3":{"loc":{"start":{"line":24,"column":7},"end":{"line":29,"column":null}},"type":"binary-expr","locations":[{"start":{"line":24,"column":7},"end":{"line":24,"column":18}},{"start":{"line":25,"column":8},"end":{"line":28,"column":null}}]},"4":{"loc":{"start":{"line":27,"column":12},"end":{"line":27,"column":null}},"type":"cond-expr","locations":[{"start":{"line":27,"column":26},"end":{"line":27,"column":41}},{"start":{"line":27,"column":44},"end":{"line":27,"column":null}}]},"5":{"loc":{"start":{"line":34,"column":8},"end":{"line":34,"column":null}},"type":"cond-expr","locations":[{"start":{"line":34,"column":34},"end":{"line":34,"column":83}},{"start":{"line":34,"column":86},"end":{"line":34,"column":null}}]},"6":{"loc":{"start":{"line":34,"column":8},"end":{"line":34,"column":31}},"type":"binary-expr","locations":[{"start":{"line":34,"column":8},"end":{"line":34,"column":16}},{"start":{"line":34,"column":20},"end":{"line":34,"column":31}}]}},"s":{"0":1,"1":18,"2":1,"3":6,"4":18,"5":1},"f":{"0":18,"1":6,"2":18},"b":{"0":[12,6],"1":[12,6],"2":[18,12],"3":[18,12],"4":[10,2],"5":[12,6],"6":[18,12]}}
,"C:\\Users\\joaok\\OneDrive\\Área de Trabalho\\V8\\teste\\FRONTEND\\src\\components\\select-filter\\select-filter.tsx": {"path":"C:\\Users\\joaok\\OneDrive\\Área de Trabalho\\V8\\teste\\FRONTEND\\src\\components\\select-filter\\select-filter.tsx","statementMap":{"0":{"start":{"line":1,"column":0},"end":{"line":1,"column":40}},"1":{"start":{"line":2,"column":0},"end":{"line":2,"column":48}},"2":{"start":{"line":15,"column":38},"end":{"line":48,"column":1}},"3":{"start":{"line":16,"column":44},"end":{"line":16,"column":64}},"4":{"start":{"line":18,"column":23},"end":{"line":22,"column":3}},"5":{"start":{"line":19,"column":22},"end":{"line":19,"column":30}},"6":{"start":{"line":20,"column":4},"end":{"line":20,"column":28}},"7":{"start":{"line":21,"column":4},"end":{"line":21,"column":20}},"8":{"start":{"line":24,"column":2},"end":{"line":47,"column":4}},"9":{"start":{"line":38,"column":14},"end":{"line":38,"column":38}},"10":{"start":{"line":50,"column":0},"end":{"line":50,"column":22}}},"fnMap":{"0":{"name":"(anonymous_0)","decl":{"start":{"line":15,"column":38},"end":{"line":15,"column":39}},"loc":{"start":{"line":15,"column":71},"end":{"line":48,"column":1}}},"1":{"name":"(anonymous_1)","decl":{"start":{"line":18,"column":23},"end":{"line":18,"column":24}},"loc":{"start":{"line":18,"column":67},"end":{"line":22,"column":3}}},"2":{"name":"(anonymous_2)","decl":{"start":{"line":37,"column":25},"end":{"line":37,"column":26}},"loc":{"start":{"line":38,"column":14},"end":{"line":38,"column":38}}}},"branchMap":{"0":{"loc":{"start":{"line":27,"column":9},"end":{"line":27,"column":59}},"type":"binary-expr","locations":[{"start":{"line":27,"column":9},"end":{"line":27,"column":14}},{"start":{"line":27,"column":18},"end":{"line":27,"column":59}}]}},"s":{"0":1,"1":1,"2":1,"3":5,"4":5,"5":1,"6":1,"7":1,"8":5,"9":15,"10":1},"f":{"0":5,"1":1,"2":15},"b":{"0":[5,5]}}
,"C:\\Users\\joaok\\OneDrive\\Área de Trabalho\\V8\\teste\\FRONTEND\\src\\components\\select-model-home\\select-model-home.tsx": {"path":"C:\\Users\\joaok\\OneDrive\\Área de Trabalho\\V8\\teste\\FRONTEND\\src\\components\\select-model-home\\select-model-home.tsx","statementMap":{"0":{"start":{"line":1,"column":0},"end":{"line":1,"column":40}},"1":{"start":{"line":2,"column":0},"end":{"line":2,"column":48}},"2":{"start":{"line":18,"column":38},"end":{"line":59,"column":1}},"3":{"start":{"line":26,"column":44},"end":{"line":26,"column":64}},"4":{"start":{"line":28,"column":23},"end":{"line":32,"column":3}},"5":{"start":{"line":29,"column":22},"end":{"line":29,"column":30}},"6":{"start":{"line":30,"column":4},"end":{"line":30,"column":28}},"7":{"start":{"line":31,"column":4},"end":{"line":31,"column":20}},"8":{"start":{"line":34,"column":2},"end":{"line":58,"column":4}},"9":{"start":{"line":47,"column":12},"end":{"line":47,"column":36}},"10":{"start":{"line":61,"column":0},"end":{"line":61,"column":22}}},"fnMap":{"0":{"name":"(anonymous_0)","decl":{"start":{"line":18,"column":38},"end":{"line":18,"column":39}},"loc":{"start":{"line":25,"column":5},"end":{"line":59,"column":1}}},"1":{"name":"(anonymous_1)","decl":{"start":{"line":28,"column":23},"end":{"line":28,"column":24}},"loc":{"start":{"line":28,"column":67},"end":{"line":32,"column":3}}},"2":{"name":"(anonymous_2)","decl":{"start":{"line":46,"column":23},"end":{"line":46,"column":24}},"loc":{"start":{"line":47,"column":12},"end":{"line":47,"column":36}}}},"branchMap":{"0":{"loc":{"start":{"line":24,"column":2},"end":{"line":24,"column":37}},"type":"default-arg","locations":[{"start":{"line":24,"column":16},"end":{"line":24,"column":37}}]},"1":{"loc":{"start":{"line":37,"column":9},"end":{"line":37,"column":107}},"type":"binary-expr","locations":[{"start":{"line":37,"column":9},"end":{"line":37,"column":14}},{"start":{"line":37,"column":18},"end":{"line":37,"column":107}}]}},"s":{"0":1,"1":1,"2":1,"3":7,"4":7,"5":1,"6":1,"7":1,"8":7,"9":21,"10":1},"f":{"0":7,"1":1,"2":21},"b":{"0":[7],"1":[7,7]}}
,"C:\\Users\\joaok\\OneDrive\\Área de Trabalho\\V8\\teste\\FRONTEND\\src\\contexts\\StepContext.tsx": {"path":"C:\\Users\\joaok\\OneDrive\\Área de Trabalho\\V8\\teste\\FRONTEND\\src\\contexts\\StepContext.tsx","statementMap":{"0":{"start":{"line":1,"column":0},"end":{"line":1,"column":78}},"1":{"start":{"line":10,"column":20},"end":{"line":10,"column":73}},"2":{"start":{"line":12,"column":63},"end":{"line":39,"column":1}},"3":{"start":{"line":13,"column":40},"end":{"line":13,"column":51}},"4":{"start":{"line":14,"column":16},"end":{"line":20,"column":4}},"5":{"start":{"line":22,"column":19},"end":{"line":26,"column":3}},"6":{"start":{"line":23,"column":4},"end":{"line":25,"column":5}},"7":{"start":{"line":24,"column":6},"end":{"line":24,"column":38}},"8":{"start":{"line":28,"column":19},"end":{"line":32,"column":3}},"9":{"start":{"line":29,"column":4},"end":{"line":31,"column":5}},"10":{"start":{"line":30,"column":6},"end":{"line":30,"column":38}},"11":{"start":{"line":34,"column":2},"end":{"line":38,"column":4}},"12":{"start":{"line":12,"column":13},"end":{"line":12,"column":63}},"13":{"start":{"line":41,"column":23},"end":{"line":47,"column":1}},"14":{"start":{"line":42,"column":18},"end":{"line":42,"column":41}},"15":{"start":{"line":43,"column":2},"end":{"line":45,"column":3}},"16":{"start":{"line":44,"column":4},"end":{"line":44,"column":66}},"17":{"start":{"line":46,"column":2},"end":{"line":46,"column":17}},"18":{"start":{"line":41,"column":13},"end":{"line":41,"column":23}}},"fnMap":{"0":{"name":"(anonymous_0)","decl":{"start":{"line":12,"column":63},"end":{"line":12,"column":64}},"loc":{"start":{"line":12,"column":80},"end":{"line":39,"column":1}}},"1":{"name":"(anonymous_1)","decl":{"start":{"line":22,"column":19},"end":{"line":22,"column":22}},"loc":{"start":{"line":22,"column":24},"end":{"line":26,"column":3}}},"2":{"name":"(anonymous_2)","decl":{"start":{"line":28,"column":19},"end":{"line":28,"column":22}},"loc":{"start":{"line":28,"column":24},"end":{"line":32,"column":3}}},"3":{"name":"(anonymous_3)","decl":{"start":{"line":41,"column":23},"end":{"line":41,"column":26}},"loc":{"start":{"line":41,"column":28},"end":{"line":47,"column":1}}}},"branchMap":{"0":{"loc":{"start":{"line":23,"column":4},"end":{"line":25,"column":5}},"type":"if","locations":[{"start":{"line":23,"column":4},"end":{"line":25,"column":5}}]},"1":{"loc":{"start":{"line":29,"column":4},"end":{"line":31,"column":5}},"type":"if","locations":[{"start":{"line":29,"column":4},"end":{"line":31,"column":5}}]},"2":{"loc":{"start":{"line":43,"column":2},"end":{"line":45,"column":3}},"type":"if","locations":[{"start":{"line":43,"column":2},"end":{"line":45,"column":3}}]}},"s":{"0":1,"1":1,"2":1,"3":10,"4":10,"5":10,"6":13,"7":13,"8":10,"9":2,"10":1,"11":10,"12":1,"13":1,"14":15,"15":14,"16":4,"17":10,"18":1},"f":{"0":10,"1":13,"2":2,"3":15},"b":{"0":[13],"1":[1],"2":[4]}}
,"C:\\Users\\joaok\\OneDrive\\Área de Trabalho\\V8\\teste\\FRONTEND\\src\\pages\\login\\login.tsx": {"path":"C:\\Users\\joaok\\OneDrive\\Área de Trabalho\\V8\\teste\\FRONTEND\\src\\pages\\login\\login.tsx","statementMap":{"0":{"start":{"line":1,"column":0},"end":{"line":1,"column":40}},"1":{"start":{"line":2,"column":0},"end":{"line":2,"column":57}},"2":{"start":{"line":3,"column":0},"end":{"line":3,"column":49}},"3":{"start":{"line":4,"column":0},"end":{"line":4,"column":45}},"4":{"start":{"line":5,"column":0},"end":{"line":5,"column":48}},"5":{"start":{"line":6,"column":0},"end":{"line":6,"column":58}},"6":{"start":{"line":8,"column":0},"end":{"line":8,"column":40}},"7":{"start":{"line":10,"column":33},"end":{"line":183,"column":1}},"8":{"start":{"line":11,"column":60},"end":{"line":13,"column":4}},"9":{"start":{"line":15,"column":28},"end":{"line":15,"column":57}},"10":{"start":{"line":17,"column":46},"end":{"line":23,"column":3}},"11":{"start":{"line":18,"column":4},"end":{"line":22,"column":5}},"12":{"start":{"line":19,"column":6},"end":{"line":19,"column":36}},"13":{"start":{"line":21,"column":6},"end":{"line":21,"column":28}},"14":{"start":{"line":25,"column":2},"end":{"line":182,"column":4}},"15":{"start":{"line":80,"column":22},"end":{"line":80,"column":82}},"16":{"start":{"line":82,"column":22},"end":{"line":82,"column":102}},"17":{"start":{"line":185,"column":0},"end":{"line":185,"column":30}}},"fnMap":{"0":{"name":"(anonymous_1)","decl":{"start":{"line":10,"column":33},"end":{"line":10,"column":36}},"loc":{"start":{"line":10,"column":38},"end":{"line":183,"column":1}}},"1":{"name":"(anonymous_2)","decl":{"start":{"line":17,"column":46},"end":{"line":17,"column":51}},"loc":{"start":{"line":17,"column":61},"end":{"line":23,"column":3}}},"2":{"name":"(anonymous_3)","decl":{"start":{"line":79,"column":31},"end":{"line":79,"column":32}},"loc":{"start":{"line":80,"column":22},"end":{"line":80,"column":82}}},"3":{"name":"(anonymous_4)","decl":{"start":{"line":81,"column":36},"end":{"line":81,"column":37}},"loc":{"start":{"line":82,"column":22},"end":{"line":82,"column":102}}}},"branchMap":{"0":{"loc":{"start":{"line":59,"column":15},"end":{"line":62,"column":null}},"type":"binary-expr","locations":[{"start":{"line":59,"column":15},"end":{"line":59,"column":27}},{"start":{"line":60,"column":16},"end":{"line":61,"column":null}}]},"1":{"loc":{"start":{"line":80,"column":22},"end":{"line":80,"column":82}},"type":"binary-expr","locations":[{"start":{"line":80,"column":22},"end":{"line":80,"column":38}},{"start":{"line":80,"column":42},"end":{"line":80,"column":82}}]},"2":{"loc":{"start":{"line":82,"column":22},"end":{"line":82,"column":102}},"type":"binary-expr","locations":[{"start":{"line":82,"column":22},"end":{"line":82,"column":46}},{"start":{"line":82,"column":50},"end":{"line":82,"column":102}}]},"3":{"loc":{"start":{"line":86,"column":15},"end":{"line":89,"column":null}},"type":"binary-expr","locations":[{"start":{"line":86,"column":15},"end":{"line":86,"column":27}},{"start":{"line":87,"column":16},"end":{"line":88,"column":null}}]},"4":{"loc":{"start":{"line":93,"column":13},"end":{"line":93,"column":81}},"type":"binary-expr","locations":[{"start":{"line":93,"column":13},"end":{"line":93,"column":18}},{"start":{"line":93,"column":22},"end":{"line":93,"column":81}}]}},"s":{"0":1,"1":1,"2":1,"3":1,"4":1,"5":1,"6":1,"7":1,"8":9,"9":8,"10":8,"11":0,"12":0,"13":0,"14":8,"15":0,"16":0,"17":1},"f":{"0":9,"1":0,"2":0,"3":0},"b":{"0":[8,0],"1":[0,0],"2":[0,0],"3":[8,0],"4":[8,0]}}
,"C:\\Users\\joaok\\OneDrive\\Área de Trabalho\\V8\\teste\\FRONTEND\\src\\pages\\register\\register.tsx": {"path":"C:\\Users\\joaok\\OneDrive\\Área de Trabalho\\V8\\teste\\FRONTEND\\src\\pages\\register\\register.tsx","statementMap":{"0":{"start":{"line":1,"column":0},"end":{"line":1,"column":40}},"1":{"start":{"line":2,"column":0},"end":{"line":2,"column":57}},"2":{"start":{"line":3,"column":0},"end":{"line":3,"column":49}},"3":{"start":{"line":4,"column":0},"end":{"line":4,"column":45}},"4":{"start":{"line":5,"column":0},"end":{"line":5,"column":48}},"5":{"start":{"line":6,"column":0},"end":{"line":6,"column":58}},"6":{"start":{"line":8,"column":0},"end":{"line":8,"column":40}},"7":{"start":{"line":17,"column":36},"end":{"line":226,"column":1}},"8":{"start":{"line":18,"column":90},"end":{"line":20,"column":4}},"9":{"start":{"line":22,"column":28},"end":{"line":22,"column":57}},"10":{"start":{"line":24,"column":50},"end":{"line":30,"column":3}},"11":{"start":{"line":25,"column":4},"end":{"line":29,"column":5}},"12":{"start":{"line":26,"column":6},"end":{"line":26,"column":39}},"13":{"start":{"line":28,"column":6},"end":{"line":28,"column":28}},"14":{"start":{"line":32,"column":16},"end":{"line":32,"column":30}},"15":{"start":{"line":34,"column":22},"end":{"line":41,"column":3}},"16":{"start":{"line":35,"column":26},"end":{"line":35,"column":48}},"17":{"start":{"line":36,"column":4},"end":{"line":40,"column":43}},"18":{"start":{"line":43,"column":23},"end":{"line":49,"column":3}},"19":{"start":{"line":44,"column":26},"end":{"line":44,"column":49}},"20":{"start":{"line":45,"column":4},"end":{"line":48,"column":39}},"21":{"start":{"line":51,"column":2},"end":{"line":225,"column":4}},"22":{"start":{"line":119,"column":40},"end":{"line":119,"column":110}},"23":{"start":{"line":122,"column":20},"end":{"line":122,"column":65}},"24":{"start":{"line":123,"column":20},"end":{"line":123,"column":52}},"25":{"start":{"line":124,"column":20},"end":{"line":126,"column":21}},"26":{"start":{"line":125,"column":22},"end":{"line":125,"column":41}},"27":{"start":{"line":148,"column":40},"end":{"line":148,"column":105}},"28":{"start":{"line":151,"column":20},"end":{"line":151,"column":66}},"29":{"start":{"line":152,"column":20},"end":{"line":152,"column":63}},"30":{"start":{"line":175,"column":42},"end":{"line":175,"column":102}},"31":{"start":{"line":176,"column":47},"end":{"line":176,"column":127}},"32":{"start":{"line":195,"column":37},"end":{"line":195,"column":81}},"33":{"start":{"line":228,"column":0},"end":{"line":228,"column":33}}},"fnMap":{"0":{"name":"(anonymous_1)","decl":{"start":{"line":17,"column":36},"end":{"line":17,"column":39}},"loc":{"start":{"line":17,"column":41},"end":{"line":226,"column":1}}},"1":{"name":"(anonymous_2)","decl":{"start":{"line":24,"column":50},"end":{"line":24,"column":55}},"loc":{"start":{"line":24,"column":65},"end":{"line":30,"column":3}}},"2":{"name":"(anonymous_3)","decl":{"start":{"line":34,"column":22},"end":{"line":34,"column":23}},"loc":{"start":{"line":34,"column":38},"end":{"line":41,"column":3}}},"3":{"name":"(anonymous_4)","decl":{"start":{"line":43,"column":23},"end":{"line":43,"column":24}},"loc":{"start":{"line":43,"column":40},"end":{"line":49,"column":3}}},"4":{"name":"(anonymous_5)","decl":{"start":{"line":119,"column":29},"end":{"line":119,"column":30}},"loc":{"start":{"line":119,"column":40},"end":{"line":119,"column":110}}},"5":{"name":"(anonymous_6)","decl":{"start":{"line":121,"column":28},"end":{"line":121,"column":29}},"loc":{"start":{"line":121,"column":34},"end":{"line":127,"column":19}}},"6":{"name":"(anonymous_7)","decl":{"start":{"line":148,"column":29},"end":{"line":148,"column":30}},"loc":{"start":{"line":148,"column":40},"end":{"line":148,"column":105}}},"7":{"name":"(anonymous_8)","decl":{"start":{"line":150,"column":28},"end":{"line":150,"column":29}},"loc":{"start":{"line":150,"column":34},"end":{"line":153,"column":19}}},"8":{"name":"(anonymous_9)","decl":{"start":{"line":175,"column":31},"end":{"line":175,"column":32}},"loc":{"start":{"line":175,"column":42},"end":{"line":175,"column":102}}},"9":{"name":"(anonymous_10)","decl":{"start":{"line":176,"column":36},"end":{"line":176,"column":37}},"loc":{"start":{"line":176,"column":47},"end":{"line":176,"column":127}}},"10":{"name":"(anonymous_11)","decl":{"start":{"line":195,"column":28},"end":{"line":195,"column":33}},"loc":{"start":{"line":195,"column":37},"end":{"line":195,"column":81}}}},"branchMap":{"0":{"loc":{"start":{"line":80,"column":15},"end":{"line":83,"column":null}},"type":"binary-expr","locations":[{"start":{"line":80,"column":15},"end":{"line":80,"column":26}},{"start":{"line":81,"column":16},"end":{"line":82,"column":null}}]},"1":{"loc":{"start":{"line":102,"column":15},"end":{"line":105,"column":null}},"type":"binary-expr","locations":[{"start":{"line":102,"column":15},"end":{"line":102,"column":27}},{"start":{"line":103,"column":16},"end":{"line":104,"column":null}}]},"2":{"loc":{"start":{"line":119,"column":40},"end":{"line":119,"column":110}},"type":"binary-expr","locations":[{"start":{"line":119,"column":40},"end":{"line":119,"column":81}},{"start":{"line":119,"column":85},"end":{"line":119,"column":110}}]},"3":{"loc":{"start":{"line":124,"column":20},"end":{"line":126,"column":21}},"type":"if","locations":[{"start":{"line":124,"column":20},"end":{"line":126,"column":21}}]},"4":{"loc":{"start":{"line":129,"column":73},"end":{"line":129,"column":122}},"type":"cond-expr","locations":[{"start":{"line":129,"column":86},"end":{"line":129,"column":102}},{"start":{"line":129,"column":105},"end":{"line":129,"column":122}}]},"5":{"loc":{"start":{"line":131,"column":15},"end":{"line":134,"column":null}},"type":"binary-expr","locations":[{"start":{"line":131,"column":15},"end":{"line":131,"column":25}},{"start":{"line":132,"column":16},"end":{"line":133,"column":null}}]},"6":{"loc":{"start":{"line":148,"column":40},"end":{"line":148,"column":105}},"type":"binary-expr","locations":[{"start":{"line":148,"column":40},"end":{"line":148,"column":75}},{"start":{"line":148,"column":79},"end":{"line":148,"column":105}}]},"7":{"loc":{"start":{"line":155,"column":101},"end":{"line":155,"column":161}},"type":"cond-expr","locations":[{"start":{"line":155,"column":125},"end":{"line":155,"column":141}},{"start":{"line":155,"column":144},"end":{"line":155,"column":161}}]},"8":{"loc":{"start":{"line":157,"column":15},"end":{"line":160,"column":null}},"type":"binary-expr","locations":[{"start":{"line":157,"column":15},"end":{"line":157,"column":36}},{"start":{"line":158,"column":16},"end":{"line":159,"column":null}}]},"9":{"loc":{"start":{"line":175,"column":42},"end":{"line":175,"column":102}},"type":"binary-expr","locations":[{"start":{"line":175,"column":42},"end":{"line":175,"column":58}},{"start":{"line":175,"column":62},"end":{"line":175,"column":102}}]},"10":{"loc":{"start":{"line":176,"column":47},"end":{"line":176,"column":127}},"type":"binary-expr","locations":[{"start":{"line":176,"column":47},"end":{"line":176,"column":71}},{"start":{"line":176,"column":75},"end":{"line":176,"column":127}}]},"11":{"loc":{"start":{"line":180,"column":15},"end":{"line":183,"column":null}},"type":"binary-expr","locations":[{"start":{"line":180,"column":15},"end":{"line":180,"column":27}},{"start":{"line":181,"column":16},"end":{"line":182,"column":null}}]},"12":{"loc":{"start":{"line":195,"column":37},"end":{"line":195,"column":81}},"type":"binary-expr","locations":[{"start":{"line":195,"column":37},"end":{"line":195,"column":52}},{"start":{"line":195,"column":56},"end":{"line":195,"column":81}}]},"13":{"loc":{"start":{"line":198,"column":15},"end":{"line":201,"column":null}},"type":"binary-expr","locations":[{"start":{"line":198,"column":15},"end":{"line":198,"column":36}},{"start":{"line":199,"column":16},"end":{"line":200,"column":null}}]},"14":{"loc":{"start":{"line":206,"column":11},"end":{"line":206,"column":96}},"type":"binary-expr","locations":[{"start":{"line":206,"column":11},"end":{"line":206,"column":16}},{"start":{"line":206,"column":20},"end":{"line":206,"column":96}}]}},"s":{"0":1,"1":1,"2":1,"3":1,"4":1,"5":1,"6":1,"7":1,"8":8,"9":7,"10":7,"11":0,"12":0,"13":0,"14":7,"15":7,"16":1,"17":1,"18":7,"19":1,"20":1,"21":7,"22":1,"23":1,"24":1,"25":1,"26":1,"27":1,"28":1,"29":1,"30":0,"31":0,"32":1,"33":1},"f":{"0":8,"1":0,"2":1,"3":1,"4":1,"5":1,"6":1,"7":1,"8":0,"9":0,"10":1},"b":{"0":[7,1],"1":[7,1],"2":[1,0],"3":[1],"4":[1,6],"5":[7,1],"6":[1,0],"7":[1,6],"8":[7,1],"9":[0,0],"10":[0,0],"11":[7,1],"12":[1,0],"13":[7,0],"14":[7,0]}}
,"C:\\Users\\joaok\\OneDrive\\Área de Trabalho\\V8\\teste\\FRONTEND\\src\\services\\Auth\\authservice.ts": {"path":"C:\\Users\\joaok\\OneDrive\\Área de Trabalho\\V8\\teste\\FRONTEND\\src\\services\\Auth\\authservice.ts","statementMap":{"0":{"start":{"line":4,"column":16},"end":{"line":4,"column":43}},"1":{"start":{"line":6,"column":20},"end":{"line":41,"column":2}},"2":{"start":{"line":8,"column":21},"end":{"line":14,"column":6}},"3":{"start":{"line":16,"column":4},"end":{"line":18,"column":5}},"4":{"start":{"line":17,"column":6},"end":{"line":17,"column":45}},"5":{"start":{"line":20,"column":32},"end":{"line":20,"column":53}},"6":{"start":{"line":21,"column":4},"end":{"line":21,"column":46}},"7":{"start":{"line":22,"column":4},"end":{"line":22,"column":16}},"8":{"start":{"line":26,"column":21},"end":{"line":32,"column":6}},"9":{"start":{"line":34,"column":4},"end":{"line":36,"column":5}},"10":{"start":{"line":35,"column":6},"end":{"line":35,"column":43}},"11":{"start":{"line":38,"column":37},"end":{"line":38,"column":58}},"12":{"start":{"line":39,"column":4},"end":{"line":39,"column":18}},"13":{"start":{"line":43,"column":0},"end":{"line":43,"column":27}}},"fnMap":{"0":{"name":"(anonymous_0)","decl":{"start":{"line":7,"column":9},"end":{"line":7,"column":14}},"loc":{"start":{"line":7,"column":73},"end":{"line":23,"column":3}}},"1":{"name":"(anonymous_1)","decl":{"start":{"line":25,"column":12},"end":{"line":25,"column":17}},"loc":{"start":{"line":25,"column":68},"end":{"line":40,"column":3}}}},"branchMap":{"0":{"loc":{"start":{"line":16,"column":4},"end":{"line":18,"column":5}},"type":"if","locations":[{"start":{"line":16,"column":4},"end":{"line":18,"column":5}}]},"1":{"loc":{"start":{"line":34,"column":4},"end":{"line":36,"column":5}},"type":"if","locations":[{"start":{"line":34,"column":4},"end":{"line":36,"column":5}}]}},"s":{"0":2,"1":2,"2":2,"3":2,"4":1,"5":1,"6":1,"7":1,"8":2,"9":2,"10":1,"11":1,"12":1,"13":2},"f":{"0":2,"1":2},"b":{"0":[1],"1":[1]}}
,"C:\\Users\\joaok\\OneDrive\\Área de Trabalho\\V8\\teste\\FRONTEND\\src\\services\\User\\userservice.ts": {"path":"C:\\Users\\joaok\\OneDrive\\Área de Trabalho\\V8\\teste\\FRONTEND\\src\\services\\User\\userservice.ts","statementMap":{"0":{"start":{"line":3,"column":0},"end":{"line":3,"column":39}},"1":{"start":{"line":6,"column":20},"end":{"line":18,"column":2}},"2":{"start":{"line":8,"column":4},"end":{"line":15,"column":5}},"3":{"start":{"line":10,"column":22},"end":{"line":10,"column":50}},"4":{"start":{"line":11,"column":6},"end":{"line":11,"column":21}},"5":{"start":{"line":14,"column":6},"end":{"line":14,"column":40}},"6":{"start":{"line":20,"column":0},"end":{"line":20,"column":27}}},"fnMap":{"0":{"name":"(anonymous_0)","decl":{"start":{"line":7,"column":15},"end":{"line":7,"column":16}},"loc":{"start":{"line":7,"column":45},"end":{"line":16,"column":3}}}},"branchMap":{},"s":{"0":1,"1":1,"2":2,"3":2,"4":1,"5":1,"6":1},"f":{"0":2},"b":{}}
}
