TN:
SF:src\components\Button\index.tsx
FN:15,Button
FNF:1
FNH:1
FNDA:17,Button
DA:9,2
DA:15,2
DA:16,17
LF:3
LH:3
BRDA:15,0,0,0
BRDA:17,1,0,17
BRDA:17,1,1,0
BRF:3
BRH:1
end_of_record
TN:
SF:src\components\Checkbox\index.tsx
FN:3,CheckedIcon
FN:27,Checkbox
FNF:2
FNH:2
FNDA:2,CheckedIcon
FNDA:4,Checkbox
DA:4,2
DA:27,1
DA:29,4
DA:30,2
DA:51,2
DA:52,2
LF:6
LH:6
BRDA:29,0,0,2
BRDA:29,0,1,2
BRDA:51,1,0,2
BRF:3
BRH:3
end_of_record
TN:
SF:src\components\Input\index.tsx
FN:35,(anonymous_0)
FN:58,(anonymous_1)
FN:66,(anonymous_2)
FN:68,(anonymous_3)
FN:75,(anonymous_4)
FN:76,(anonymous_5)
FN:80,(anonymous_6)
FN:86,(anonymous_7)
FN:92,(anonymous_8)
FN:100,(anonymous_9)
FN:102,(anonymous_10)
FN:106,(anonymous_11)
FN:110,(anonymous_12)
FN:116,(anonymous_13)
FN:125,(anonymous_14)
FN:127,(anonymous_15)
FN:144,(anonymous_16)
FN:151,(anonymous_17)
FN:176,(anonymous_18)
FN:208,(anonymous_19)
FN:219,(anonymous_20)
FN:222,(anonymous_21)
FNF:22
FNH:5
FNDA:74,(anonymous_0)
FNDA:12,(anonymous_1)
FNDA:0,(anonymous_2)
FNDA:0,(anonymous_3)
FNDA:0,(anonymous_4)
FNDA:0,(anonymous_5)
FNDA:0,(anonymous_6)
FNDA:0,(anonymous_7)
FNDA:0,(anonymous_8)
FNDA:0,(anonymous_9)
FNDA:0,(anonymous_10)
FNDA:0,(anonymous_11)
FNDA:0,(anonymous_12)
FNDA:0,(anonymous_13)
FNDA:24,(anonymous_14)
FNDA:24,(anonymous_15)
FNDA:0,(anonymous_16)
FNDA:0,(anonymous_17)
FNDA:3,(anonymous_18)
FNDA:0,(anonymous_19)
FNDA:0,(anonymous_20)
FNDA:0,(anonymous_21)
DA:1,2
DA:10,2
DA:11,2
DA:29,2
DA:35,2
DA:51,74
DA:52,74
DA:53,74
DA:54,74
DA:55,74
DA:56,74
DA:58,74
DA:59,12
DA:60,12
DA:61,12
DA:62,0
DA:66,74
DA:67,0
DA:68,0
DA:69,0
DA:71,0
DA:72,0
DA:75,74
DA:76,0
DA:77,0
DA:80,74
DA:81,0
DA:82,0
DA:86,74
DA:87,0
DA:88,0
DA:92,74
DA:93,0
DA:94,0
DA:95,0
DA:96,0
DA:100,74
DA:101,0
DA:102,0
DA:106,74
DA:107,0
DA:110,74
DA:111,0
DA:112,0
DA:113,0
DA:116,74
DA:117,0
DA:121,0
DA:125,74
DA:126,24
DA:127,24
DA:128,24
DA:132,74
DA:134,74
DA:145,0
DA:151,0
DA:176,3
DA:208,0
DA:220,0
DA:222,0
DA:234,2
LF:61
LH:32
BRDA:37,0,0,0
BRDA:38,1,0,74
BRDA:39,2,0,74
BRDA:40,3,0,74
BRDA:41,4,0,74
BRDA:44,5,0,74
BRDA:45,6,0,74
BRDA:48,7,0,0
BRDA:61,8,0,0
BRDA:77,9,0,0
BRDA:77,9,1,0
BRDA:81,10,0,0
BRDA:87,11,0,0
BRDA:87,12,0,0
BRDA:87,12,1,0
BRDA:87,12,2,0
BRDA:93,13,0,0
BRDA:101,14,0,0
BRDA:117,15,0,0
BRDA:118,16,0,0
BRDA:118,16,1,0
BRDA:132,17,0,14
BRDA:132,17,1,60
BRDA:142,18,0,74
BRDA:142,18,1,0
BRDA:142,18,2,0
BRDA:161,19,0,0
BRDA:161,19,1,74
BRDA:173,20,0,0
BRDA:173,20,1,74
BRDA:173,21,0,74
BRDA:173,21,1,28
BRDA:176,22,0,3
BRDA:176,22,1,0
BRDA:181,23,0,74
BRDA:181,23,1,0
BRDA:186,24,0,74
BRDA:186,24,1,28
BRDA:192,25,0,0
BRDA:192,25,1,28
BRDA:199,26,0,0
BRDA:199,26,1,74
BRDA:199,27,0,74
BRDA:199,27,1,0
BRDA:205,28,0,74
BRDA:205,28,1,0
BRDA:208,29,0,0
BRDA:208,29,1,0
BRDA:217,30,0,74
BRDA:217,30,1,0
BRDA:217,30,2,0
BRF:51
BRH:22
end_of_record
TN:
SF:src\components\Stepper\index.tsx
FN:10,(anonymous_0)
FN:47,(anonymous_1)
FN:49,(anonymous_2)
FNF:3
FNH:3
FNDA:18,(anonymous_0)
FNDA:6,(anonymous_1)
FNDA:18,(anonymous_2)
DA:10,1
DA:11,18
DA:47,1
DA:48,6
DA:50,18
DA:61,1
LF:6
LH:6
BRDA:15,0,0,12
BRDA:15,0,1,6
BRDA:20,1,0,12
BRDA:20,1,1,6
BRDA:20,2,0,18
BRDA:20,2,1,12
BRDA:24,3,0,18
BRDA:24,3,1,12
BRDA:27,4,0,10
BRDA:27,4,1,2
BRDA:34,5,0,12
BRDA:34,5,1,6
BRDA:34,6,0,18
BRDA:34,6,1,12
BRF:14
BRH:14
end_of_record
TN:
SF:src\components\select-filter\select-filter.tsx
FN:15,(anonymous_0)
FN:18,(anonymous_1)
FN:37,(anonymous_2)
FNF:3
FNH:3
FNDA:5,(anonymous_0)
FNDA:1,(anonymous_1)
FNDA:15,(anonymous_2)
DA:1,1
DA:2,1
DA:15,1
DA:16,5
DA:18,5
DA:19,1
DA:20,1
DA:21,1
DA:24,5
DA:38,15
DA:50,1
LF:11
LH:11
BRDA:27,0,0,5
BRDA:27,0,1,5
BRF:2
BRH:2
end_of_record
TN:
SF:src\components\select-model-home\select-model-home.tsx
FN:18,(anonymous_0)
FN:28,(anonymous_1)
FN:46,(anonymous_2)
FNF:3
FNH:3
FNDA:7,(anonymous_0)
FNDA:1,(anonymous_1)
FNDA:21,(anonymous_2)
DA:1,1
DA:2,1
DA:18,1
DA:26,7
DA:28,7
DA:29,1
DA:30,1
DA:31,1
DA:34,7
DA:47,21
DA:61,1
LF:11
LH:11
BRDA:24,0,0,7
BRDA:37,1,0,7
BRDA:37,1,1,7
BRF:3
BRH:3
end_of_record
TN:
SF:src\contexts\StepContext.tsx
FN:12,(anonymous_0)
FN:22,(anonymous_1)
FN:28,(anonymous_2)
FN:41,(anonymous_3)
FNF:4
FNH:4
FNDA:10,(anonymous_0)
FNDA:13,(anonymous_1)
FNDA:2,(anonymous_2)
FNDA:15,(anonymous_3)
DA:1,1
DA:10,1
DA:12,1
DA:13,10
DA:14,10
DA:22,10
DA:23,13
DA:24,13
DA:28,10
DA:29,2
DA:30,1
DA:34,10
DA:41,1
DA:42,15
DA:43,14
DA:44,4
DA:46,10
LF:17
LH:17
BRDA:23,0,0,13
BRDA:29,1,0,1
BRDA:43,2,0,4
BRF:3
BRH:3
end_of_record
TN:
SF:src\pages\login\login.tsx
FN:10,(anonymous_1)
FN:18,(anonymous_2)
FN:82,(anonymous_3)
FN:83,(anonymous_4)
FNF:4
FNH:1
FNDA:11,(anonymous_1)
FNDA:0,(anonymous_2)
FNDA:0,(anonymous_3)
FNDA:0,(anonymous_4)
DA:1,1
DA:2,1
DA:3,1
DA:4,1
DA:5,1
DA:6,1
DA:8,1
DA:10,1
DA:11,11
DA:12,11
DA:16,10
DA:18,10
DA:19,0
DA:20,0
DA:21,0
DA:23,0
DA:27,10
DA:82,0
DA:83,0
DA:189,1
LF:20
LH:14
BRDA:63,0,0,10
BRDA:63,0,1,0
BRDA:82,1,0,0
BRDA:82,1,1,0
BRDA:83,2,0,0
BRDA:83,2,1,0
BRDA:87,3,0,10
BRDA:87,3,1,0
BRDA:94,4,0,10
BRDA:94,4,1,0
BRF:10
BRH:3
end_of_record
TN:
SF:src\pages\register\register.tsx
FN:17,(anonymous_1)
FN:24,(anonymous_2)
FN:42,(anonymous_3)
FN:52,(anonymous_4)
FN:138,(anonymous_5)
FN:139,(anonymous_6)
FN:142,(anonymous_7)
FN:170,(anonymous_8)
FN:171,(anonymous_9)
FN:178,(anonymous_10)
FN:204,(anonymous_11)
FN:205,(anonymous_12)
FN:225,(anonymous_13)
FNF:13
FNH:10
FNDA:7,(anonymous_1)
FNDA:0,(anonymous_2)
FNDA:6,(anonymous_3)
FNDA:6,(anonymous_4)
FNDA:4,(anonymous_5)
FNDA:4,(anonymous_6)
FNDA:2,(anonymous_7)
FNDA:4,(anonymous_8)
FNDA:4,(anonymous_9)
FNDA:2,(anonymous_10)
FNDA:0,(anonymous_11)
FNDA:0,(anonymous_12)
FNDA:3,(anonymous_13)
DA:1,1
DA:2,1
DA:3,1
DA:4,1
DA:5,1
DA:6,1
DA:8,1
DA:17,1
DA:18,7
DA:22,7
DA:24,7
DA:25,0
DA:27,0
DA:28,0
DA:29,0
DA:31,0
DA:36,0
DA:40,7
DA:42,7
DA:43,6
DA:44,6
DA:49,6
DA:52,7
DA:53,6
DA:59,7
DA:138,4
DA:139,4
DA:143,2
DA:144,2
DA:145,2
DA:146,2
DA:147,2
DA:148,0
DA:170,4
DA:172,4
DA:173,4
DA:174,4
DA:179,2
DA:180,2
DA:181,2
DA:182,2
DA:204,0
DA:205,0
DA:225,3
DA:261,1
LF:45
LH:36
BRDA:27,0,0,0
BRDA:49,1,0,0
BRDA:49,1,1,6
BRDA:96,2,0,7
BRDA:96,2,1,3
BRDA:119,3,0,7
BRDA:119,3,1,3
BRDA:138,4,0,4
BRDA:138,4,1,0
BRDA:139,5,0,4
BRDA:139,5,1,0
BRDA:147,6,0,0
BRDA:152,7,0,7
BRDA:152,7,1,1
BRDA:170,8,0,4
BRDA:170,8,1,0
BRDA:174,9,0,4
BRDA:174,9,1,0
BRDA:185,10,0,7
BRDA:185,10,1,1
BRDA:204,11,0,0
BRDA:204,11,1,0
BRDA:205,12,0,0
BRDA:205,12,1,0
BRDA:209,13,0,7
BRDA:209,13,1,3
BRDA:225,14,0,3
BRDA:225,14,1,3
BRDA:228,15,0,7
BRDA:228,15,1,3
BRDA:236,16,0,7
BRDA:236,16,1,0
BRF:32
BRH:20
end_of_record
TN:
SF:src\services\Auth\authservice.ts
FN:6,(anonymous_0)
FN:25,(anonymous_1)
FN:43,(anonymous_2)
FNF:3
FNH:0
FNDA:0,(anonymous_0)
FNDA:0,(anonymous_1)
FNDA:0,(anonymous_2)
DA:3,1
DA:5,1
DA:7,0
DA:15,0
DA:16,0
DA:17,0
DA:19,0
DA:20,0
DA:22,0
DA:26,0
DA:34,0
DA:35,0
DA:36,0
DA:39,0
DA:40,0
DA:44,0
DA:49,1
LF:17
LH:3
BRDA:15,0,0,0
BRDA:17,1,0,0
BRDA:17,1,1,0
BRDA:34,2,0,0
BRDA:36,3,0,0
BRDA:36,3,1,0
BRF:6
BRH:0
end_of_record
TN:
SF:src\services\User\userservice.ts
FN:7,(anonymous_0)
FNF:1
FNH:1
FNDA:2,(anonymous_0)
DA:3,1
DA:6,1
DA:8,2
DA:10,2
DA:11,1
DA:14,1
DA:20,1
LF:7
LH:7
BRF:0
BRH:0
end_of_record
