TN:
SF:src\components\Button\index.tsx
FN:15,Button
FNF:1
FNH:1
FNDA:15,Button
DA:9,2
DA:15,2
DA:16,15
LF:3
LH:3
BRDA:15,0,0,0
BRDA:17,1,0,15
BRDA:17,1,1,0
BRF:3
BRH:1
end_of_record
TN:
SF:src\components\Checkbox\index.tsx
FN:3,CheckedIcon
FN:27,Checkbox
FNF:2
FNH:2
FNDA:2,CheckedIcon
FNDA:4,Checkbox
DA:4,2
DA:27,1
DA:29,4
DA:30,2
DA:51,2
DA:52,2
LF:6
LH:6
BRDA:29,0,0,2
BRDA:29,0,1,2
BRDA:51,1,0,2
BRF:3
BRH:3
end_of_record
TN:
SF:src\components\Input\index.tsx
FN:29,(anonymous_0)
FN:54,(anonymous_1)
FN:62,(anonymous_2)
FN:64,(anonymous_3)
FN:71,(anonymous_4)
FN:72,(anonymous_5)
FN:76,(anonymous_6)
FN:80,(anonymous_7)
FN:86,(anonymous_8)
FN:94,(anonymous_9)
FN:96,(anonymous_10)
FN:100,(anonymous_11)
FN:104,(anonymous_12)
FN:110,(anonymous_13)
FN:119,(anonymous_14)
FN:121,(anonymous_15)
FN:138,(anonymous_16)
FN:145,(anonymous_17)
FN:161,(anonymous_18)
FN:187,(anonymous_19)
FN:196,(anonymous_20)
FN:199,(anonymous_21)
FNF:22
FNH:11
FNDA:57,(anonymous_0)
FNDA:2,(anonymous_1)
FNDA:3,(anonymous_2)
FNDA:7,(anonymous_3)
FNDA:1,(anonymous_4)
FNDA:1,(anonymous_5)
FNDA:0,(anonymous_6)
FNDA:0,(anonymous_7)
FNDA:0,(anonymous_8)
FNDA:0,(anonymous_9)
FNDA:0,(anonymous_10)
FNDA:0,(anonymous_11)
FNDA:0,(anonymous_12)
FNDA:6,(anonymous_13)
FNDA:24,(anonymous_14)
FNDA:24,(anonymous_15)
FNDA:0,(anonymous_16)
FNDA:0,(anonymous_17)
FNDA:2,(anonymous_18)
FNDA:0,(anonymous_19)
FNDA:7,(anonymous_20)
FNDA:0,(anonymous_21)
DA:1,3
DA:10,3
DA:11,3
DA:28,3
DA:45,57
DA:46,57
DA:47,57
DA:50,57
DA:51,57
DA:52,57
DA:54,57
DA:55,2
DA:56,2
DA:57,2
DA:58,2
DA:62,57
DA:63,3
DA:64,3
DA:65,7
DA:67,3
DA:68,3
DA:71,57
DA:72,1
DA:73,1
DA:76,57
DA:77,0
DA:80,57
DA:81,0
DA:82,0
DA:86,57
DA:87,0
DA:88,0
DA:89,0
DA:90,0
DA:94,57
DA:95,0
DA:96,0
DA:100,57
DA:101,0
DA:104,57
DA:105,0
DA:106,0
DA:107,0
DA:110,57
DA:111,6
DA:115,5
DA:119,57
DA:120,24
DA:121,24
DA:122,24
DA:126,57
DA:128,57
DA:139,0
DA:145,0
DA:161,2
DA:187,0
DA:197,7
DA:199,0
DA:212,3
DA:214,3
LF:60
LH:43
BRDA:32,0,0,9
BRDA:33,1,0,49
BRDA:34,2,0,55
BRDA:35,3,0,57
BRDA:36,4,0,49
BRDA:39,5,0,56
BRDA:40,6,0,9
BRDA:57,7,0,2
BRDA:73,8,0,0
BRDA:73,8,1,1
BRDA:81,9,0,0
BRDA:81,10,0,0
BRDA:81,10,1,0
BRDA:81,10,2,0
BRDA:87,11,0,0
BRDA:87,12,0,0
BRDA:87,12,1,0
BRDA:111,13,0,5
BRDA:112,14,0,6
BRDA:112,14,1,6
BRDA:126,15,0,8
BRDA:126,15,1,49
BRDA:133,16,0,57
BRDA:133,16,1,57
BRDA:136,17,0,57
BRDA:136,17,1,0
BRDA:158,18,0,24
BRDA:158,18,1,33
BRDA:158,19,0,57
BRDA:158,19,1,24
BRDA:161,20,0,2
BRDA:161,20,1,1
BRDA:165,21,0,57
BRDA:165,21,1,24
BRDA:171,22,0,0
BRDA:171,22,1,24
BRDA:178,23,0,57
BRDA:178,23,1,8
BRDA:178,23,2,3
BRDA:184,24,0,57
BRDA:184,24,1,54
BRDA:184,24,2,5
BRDA:187,25,0,2
BRDA:187,25,1,3
BRDA:194,26,0,57
BRDA:194,26,1,4
BRDA:194,26,2,4
BRF:47
BRH:37
end_of_record
TN:
SF:src\components\select-filter\select-filter.tsx
FN:15,(anonymous_0)
FN:18,(anonymous_1)
FN:37,(anonymous_2)
FNF:3
FNH:3
FNDA:5,(anonymous_0)
FNDA:1,(anonymous_1)
FNDA:15,(anonymous_2)
DA:1,1
DA:2,1
DA:15,1
DA:16,5
DA:18,5
DA:19,1
DA:20,1
DA:21,1
DA:24,5
DA:38,15
DA:50,1
LF:11
LH:11
BRDA:27,0,0,5
BRDA:27,0,1,5
BRF:2
BRH:2
end_of_record
TN:
SF:src\components\select-model-home\select-model-home.tsx
FN:18,(anonymous_0)
FN:28,(anonymous_1)
FN:46,(anonymous_2)
FNF:3
FNH:3
FNDA:7,(anonymous_0)
FNDA:1,(anonymous_1)
FNDA:21,(anonymous_2)
DA:1,1
DA:2,1
DA:18,1
DA:26,7
DA:28,7
DA:29,1
DA:30,1
DA:31,1
DA:34,7
DA:47,21
DA:61,1
LF:11
LH:11
BRDA:24,0,0,7
BRDA:37,1,0,7
BRDA:37,1,1,7
BRF:3
BRH:3
end_of_record
TN:
SF:src\pages\login\login.tsx
FN:10,(anonymous_1)
FN:17,(anonymous_2)
FN:79,(anonymous_3)
FN:81,(anonymous_4)
FNF:4
FNH:1
FNDA:9,(anonymous_1)
FNDA:0,(anonymous_2)
FNDA:0,(anonymous_3)
FNDA:0,(anonymous_4)
DA:1,1
DA:2,1
DA:3,1
DA:4,1
DA:5,1
DA:6,1
DA:8,1
DA:10,1
DA:11,9
DA:15,8
DA:17,8
DA:18,0
DA:19,0
DA:21,0
DA:25,8
DA:80,0
DA:82,0
DA:185,1
LF:18
LH:13
BRDA:59,0,0,8
BRDA:59,0,1,0
BRDA:80,1,0,0
BRDA:80,1,1,0
BRDA:82,2,0,0
BRDA:82,2,1,0
BRDA:86,3,0,8
BRDA:86,3,1,0
BRDA:93,4,0,8
BRDA:93,4,1,0
BRF:10
BRH:3
end_of_record
TN:
SF:src\pages\register\register.tsx
FN:17,(anonymous_1)
FN:24,(anonymous_2)
FN:34,(anonymous_3)
FN:43,(anonymous_4)
FN:117,(anonymous_5)
FN:119,(anonymous_6)
FN:146,(anonymous_7)
FN:148,(anonymous_8)
FN:172,(anonymous_9)
FN:173,(anonymous_10)
FN:191,(anonymous_11)
FNF:11
FNH:8
FNDA:7,(anonymous_1)
FNDA:0,(anonymous_2)
FNDA:1,(anonymous_3)
FNDA:1,(anonymous_4)
FNDA:1,(anonymous_5)
FNDA:1,(anonymous_6)
FNDA:1,(anonymous_7)
FNDA:1,(anonymous_8)
FNDA:0,(anonymous_9)
FNDA:0,(anonymous_10)
FNDA:1,(anonymous_11)
DA:1,1
DA:2,1
DA:3,1
DA:4,1
DA:5,1
DA:6,1
DA:8,1
DA:17,1
DA:18,7
DA:22,7
DA:24,7
DA:25,0
DA:26,0
DA:28,0
DA:32,7
DA:34,7
DA:35,1
DA:36,1
DA:43,7
DA:44,1
DA:45,1
DA:51,7
DA:117,1
DA:120,1
DA:121,1
DA:122,1
DA:123,1
DA:146,1
DA:149,1
DA:150,1
DA:172,0
DA:173,0
DA:191,1
DA:224,1
LF:34
LH:29
BRDA:79,0,0,7
BRDA:79,0,1,1
BRDA:100,1,0,7
BRDA:100,1,1,1
BRDA:117,2,0,1
BRDA:117,2,1,0
BRDA:122,3,0,1
BRDA:127,4,0,1
BRDA:127,4,1,6
BRDA:129,5,0,7
BRDA:129,5,1,1
BRDA:146,6,0,1
BRDA:146,6,1,0
BRDA:153,7,0,1
BRDA:153,7,1,6
BRDA:155,8,0,7
BRDA:155,8,1,1
BRDA:172,9,0,0
BRDA:172,9,1,0
BRDA:173,10,0,0
BRDA:173,10,1,0
BRDA:177,11,0,7
BRDA:177,11,1,1
BRDA:191,12,0,1
BRDA:191,12,1,1
BRDA:194,13,0,7
BRDA:194,13,1,1
BRDA:202,14,0,7
BRDA:202,14,1,0
BRF:29
BRH:22
end_of_record
TN:
SF:src\services\Auth\authservice.ts
FN:7,(anonymous_0)
FN:25,(anonymous_1)
FNF:2
FNH:2
FNDA:2,(anonymous_0)
FNDA:2,(anonymous_1)
DA:4,2
DA:6,2
DA:8,2
DA:16,2
DA:17,1
DA:20,1
DA:21,1
DA:22,1
DA:26,2
DA:34,2
DA:35,1
DA:38,1
DA:39,1
DA:43,2
LF:14
LH:14
BRDA:16,0,0,1
BRDA:34,1,0,1
BRF:2
BRH:2
end_of_record
TN:
SF:src\services\User\userservice.ts
FN:7,(anonymous_0)
FNF:1
FNH:1
FNDA:2,(anonymous_0)
DA:3,1
DA:6,1
DA:8,2
DA:10,2
DA:11,1
DA:14,1
DA:20,1
LF:7
LH:7
BRF:0
BRH:0
end_of_record
